2022-11-24 15:23:56,654 [INFO] Activator:177 - 


2022-11-24 15:23:56,662 [INFO] Activator:178 - !SESSION log4j initialized
2022-11-24 15:26:58,419 [INFO] McuFinderGlobals:39 - Set McuFinder mode to 2 (CubeIDE integrated)
2022-11-24 15:27:00,070 [INFO] ApplicationProperties:181 - Using Application install path: G:\Vi xu li\STM32CubeIDE_1.7.0\STM32CubeIDE\plugins\com.st.stm32cube.common.mx_6.3.0.202107141111
2022-11-24 15:27:00,125 [INFO] DbMcusXml:74 - Set database path to: G:\Vi xu li\STM32CubeIDE_1.7.0\STM32CubeIDE\plugins\com.st.stm32cube.common.mx_6.3.0.202107141111\\db\/mcu/
2022-11-24 15:27:00,132 [INFO] DbBoardsPdsc:56 - Set plugin database path to: G:\Vi xu li\STM32CubeIDE_1.7.0\STM32CubeIDE\plugins\com.st.stm32cube.common.mx_6.3.0.202107141111\\db\/plugins/boardmanager/
2022-11-24 15:27:00,132 [INFO] DbMcus:258 - Set plugin images path to: G:\Vi xu li\STM32CubeIDE_1.7.0\STM32CubeIDE\plugins\com.st.stm32cube.common.mx_6.3.0.202107141111\\db\/plugins/mcufinder/images/
2022-11-24 15:27:00,132 [INFO] DbBoards:264 - Set plugin images path to: G:\Vi xu li\STM32CubeIDE_1.7.0\STM32CubeIDE\plugins\com.st.stm32cube.common.mx_6.3.0.202107141111\\db\/plugins/mcufinder/images/
2022-11-24 15:27:00,132 [INFO] DbExamples:333 - Set plugin images path to: G:\Vi xu li\STM32CubeIDE_1.7.0\STM32CubeIDE\plugins\com.st.stm32cube.common.mx_6.3.0.202107141111\\db\/plugins/mcufinder/images/
2022-11-24 15:27:00,266 [INFO] DbMcusAds:119 - Set database path to: C:\Users\HELLO SON\.stmcufinder\plugins\mcufinder//mcu/
2022-11-24 15:27:00,266 [INFO] DbMcusDocs:110 - Set database path to: C:\Users\HELLO SON\.stmcufinder\plugins\mcufinder//mcu/
2022-11-24 15:27:00,272 [INFO] DbMcusJson:64 - Set database path to: C:\Users\HELLO SON\.stmcufinder\plugins\mcufinder//mcu/
2022-11-24 15:27:00,272 [INFO] DbBoardsDocs:110 - Set database path to: C:\Users\HELLO SON\.stmcufinder\plugins\mcufinder//mcu/
2022-11-24 15:27:00,272 [INFO] DbBoardsJson:57 - Set database path to: C:\Users\HELLO SON\.stmcufinder\plugins\mcufinder//mcu/
2022-11-24 15:27:00,309 [INFO] CrossReferenceDbSqlite:196 - Set database path to: C:\Users\HELLO SON\.stmcufinder\plugins\mcufinder//mcu/cs/
2022-11-24 15:27:00,317 [INFO] DbExamplesSqlite:767 - Set database path to: C:\Users\HELLO SON\.stmcufinder\plugins\mcufinder//mcu/
2022-11-24 15:27:00,663 [INFO] RulesReader:57 - Compatibility file has been processed (242 Rules)
2022-11-24 15:27:01,001 [INFO] DbMcusXml:74 - Set database path to: G:\Vi xu li\STM32CubeIDE_1.7.0\STM32CubeIDE\plugins\com.st.stm32cube.common.mx_6.3.0.202107141111\\db\/mcu/
2022-11-24 15:27:01,012 [INFO] DbBoardsPdsc:56 - Set plugin database path to: G:\Vi xu li\STM32CubeIDE_1.7.0\STM32CubeIDE\plugins\com.st.stm32cube.common.mx_6.3.0.202107141111\\db\/plugins/boardmanager/
2022-11-24 15:27:01,012 [INFO] DbMcus:258 - Set plugin images path to: G:\Vi xu li\STM32CubeIDE_1.7.0\STM32CubeIDE\plugins\com.st.stm32cube.common.mx_6.3.0.202107141111\\db\/plugins/mcufinder/images/
2022-11-24 15:27:01,012 [INFO] DbBoards:264 - Set plugin images path to: G:\Vi xu li\STM32CubeIDE_1.7.0\STM32CubeIDE\plugins\com.st.stm32cube.common.mx_6.3.0.202107141111\\db\/plugins/mcufinder/images/
2022-11-24 15:27:01,012 [INFO] DbExamples:333 - Set plugin images path to: G:\Vi xu li\STM32CubeIDE_1.7.0\STM32CubeIDE\plugins\com.st.stm32cube.common.mx_6.3.0.202107141111\\db\/plugins/mcufinder/images/
2022-11-24 15:27:01,020 [WARN] DbFile:35 - Overriding database path with different value: C:\Users\HELLO SON\.stmcufinder\plugins\mcufinder/ => C:\Users\HELLO SON\.stmcufinder\plugins\mcufinder
2022-11-24 15:27:01,020 [INFO] DbMcusAds:119 - Set database path to: C:\Users\HELLO SON\.stmcufinder\plugins\mcufinder//mcu/
2022-11-24 15:27:01,020 [WARN] DbFile:35 - Overriding database path with different value: C:\Users\HELLO SON\.stmcufinder\plugins\mcufinder/ => C:\Users\HELLO SON\.stmcufinder\plugins\mcufinder
2022-11-24 15:27:01,028 [INFO] DbMcusDocs:110 - Set database path to: C:\Users\HELLO SON\.stmcufinder\plugins\mcufinder//mcu/
2022-11-24 15:27:01,028 [WARN] DbFile:35 - Overriding database path with different value: C:\Users\HELLO SON\.stmcufinder\plugins\mcufinder/ => C:\Users\HELLO SON\.stmcufinder\plugins\mcufinder
2022-11-24 15:27:01,029 [INFO] DbMcusJson:64 - Set database path to: C:\Users\HELLO SON\.stmcufinder\plugins\mcufinder//mcu/
2022-11-24 15:27:01,029 [WARN] DbFile:35 - Overriding database path with different value: C:\Users\HELLO SON\.stmcufinder\plugins\mcufinder/ => C:\Users\HELLO SON\.stmcufinder\plugins\mcufinder
2022-11-24 15:27:01,029 [INFO] DbBoardsDocs:110 - Set database path to: C:\Users\HELLO SON\.stmcufinder\plugins\mcufinder//mcu/
2022-11-24 15:27:01,029 [WARN] DbFile:35 - Overriding database path with different value: C:\Users\HELLO SON\.stmcufinder\plugins\mcufinder/ => C:\Users\HELLO SON\.stmcufinder\plugins\mcufinder
2022-11-24 15:27:01,029 [INFO] DbBoardsJson:57 - Set database path to: C:\Users\HELLO SON\.stmcufinder\plugins\mcufinder//mcu/
2022-11-24 15:27:01,029 [WARN] DbFile:35 - Overriding database path with different value: C:\Users\HELLO SON\.stmcufinder\plugins\mcufinder/ => C:\Users\HELLO SON\.stmcufinder\plugins\mcufinder
2022-11-24 15:27:01,029 [WARN] DbFile:35 - Overriding database path with different value: C:\Users\HELLO SON\.stmcufinder\plugins\mcufinder/ => C:\Users\HELLO SON\.stmcufinder\plugins\mcufinder
2022-11-24 15:27:01,029 [INFO] CrossReferenceDbSqlite:196 - Set database path to: C:\Users\HELLO SON\.stmcufinder\plugins\mcufinder//mcu/cs/
2022-11-24 15:27:01,029 [WARN] DbFile:35 - Overriding database path with different value: C:\Users\HELLO SON\.stmcufinder\plugins\mcufinder/ => C:\Users\HELLO SON\.stmcufinder\plugins\mcufinder
2022-11-24 15:27:01,029 [INFO] DbExamplesSqlite:767 - Set database path to: C:\Users\HELLO SON\.stmcufinder\plugins\mcufinder//mcu/
2022-11-24 15:27:01,292 [INFO] MainPanel:214 - HeapMemory: 462422016
2022-11-24 15:27:01,545 [INFO] DbMcusXml:74 - Set database path to: G:\Vi xu li\STM32CubeIDE_1.7.0\STM32CubeIDE\plugins\com.st.stm32cube.common.mx_6.3.0.202107141111\\db\/mcu/
2022-11-24 15:27:01,545 [INFO] DbBoardsPdsc:56 - Set plugin database path to: G:\Vi xu li\STM32CubeIDE_1.7.0\STM32CubeIDE\plugins\com.st.stm32cube.common.mx_6.3.0.202107141111\\db\/plugins/boardmanager/
2022-11-24 15:27:01,545 [INFO] DbMcus:258 - Set plugin images path to: G:\Vi xu li\STM32CubeIDE_1.7.0\STM32CubeIDE\plugins\com.st.stm32cube.common.mx_6.3.0.202107141111\\db\/plugins/mcufinder/images/
2022-11-24 15:27:01,545 [INFO] DbBoards:264 - Set plugin images path to: G:\Vi xu li\STM32CubeIDE_1.7.0\STM32CubeIDE\plugins\com.st.stm32cube.common.mx_6.3.0.202107141111\\db\/plugins/mcufinder/images/
2022-11-24 15:27:01,545 [INFO] DbExamples:333 - Set plugin images path to: G:\Vi xu li\STM32CubeIDE_1.7.0\STM32CubeIDE\plugins\com.st.stm32cube.common.mx_6.3.0.202107141111\\db\/plugins/mcufinder/images/
2022-11-24 15:27:01,561 [WARN] DbFile:35 - Overriding database path with different value: C:\Users\HELLO SON\.stmcufinder\plugins\mcufinder/ => C:\Users\HELLO SON\.stmcufinder\plugins\mcufinder
2022-11-24 15:27:01,561 [INFO] DbMcusAds:119 - Set database path to: C:\Users\HELLO SON\.stmcufinder\plugins\mcufinder//mcu/
2022-11-24 15:27:01,561 [WARN] DbFile:35 - Overriding database path with different value: C:\Users\HELLO SON\.stmcufinder\plugins\mcufinder/ => C:\Users\HELLO SON\.stmcufinder\plugins\mcufinder
2022-11-24 15:27:01,561 [INFO] DbMcusDocs:110 - Set database path to: C:\Users\HELLO SON\.stmcufinder\plugins\mcufinder//mcu/
2022-11-24 15:27:01,569 [WARN] DbFile:35 - Overriding database path with different value: C:\Users\HELLO SON\.stmcufinder\plugins\mcufinder/ => C:\Users\HELLO SON\.stmcufinder\plugins\mcufinder
2022-11-24 15:27:01,569 [INFO] DbMcusJson:64 - Set database path to: C:\Users\HELLO SON\.stmcufinder\plugins\mcufinder//mcu/
2022-11-24 15:27:01,569 [WARN] DbFile:35 - Overriding database path with different value: C:\Users\HELLO SON\.stmcufinder\plugins\mcufinder/ => C:\Users\HELLO SON\.stmcufinder\plugins\mcufinder
2022-11-24 15:27:01,570 [INFO] DbBoardsDocs:110 - Set database path to: C:\Users\HELLO SON\.stmcufinder\plugins\mcufinder//mcu/
2022-11-24 15:27:01,570 [WARN] DbFile:35 - Overriding database path with different value: C:\Users\HELLO SON\.stmcufinder\plugins\mcufinder/ => C:\Users\HELLO SON\.stmcufinder\plugins\mcufinder
2022-11-24 15:27:01,570 [INFO] DbBoardsJson:57 - Set database path to: C:\Users\HELLO SON\.stmcufinder\plugins\mcufinder//mcu/
2022-11-24 15:27:01,570 [WARN] DbFile:35 - Overriding database path with different value: C:\Users\HELLO SON\.stmcufinder\plugins\mcufinder/ => C:\Users\HELLO SON\.stmcufinder\plugins\mcufinder
2022-11-24 15:27:01,570 [WARN] DbFile:35 - Overriding database path with different value: C:\Users\HELLO SON\.stmcufinder\plugins\mcufinder/ => C:\Users\HELLO SON\.stmcufinder\plugins\mcufinder
2022-11-24 15:27:01,571 [INFO] CrossReferenceDbSqlite:196 - Set database path to: C:\Users\HELLO SON\.stmcufinder\plugins\mcufinder//mcu/cs/
2022-11-24 15:27:01,571 [WARN] DbFile:35 - Overriding database path with different value: C:\Users\HELLO SON\.stmcufinder\plugins\mcufinder/ => C:\Users\HELLO SON\.stmcufinder\plugins\mcufinder
2022-11-24 15:27:01,571 [INFO] DbExamplesSqlite:767 - Set database path to: C:\Users\HELLO SON\.stmcufinder\plugins\mcufinder//mcu/
2022-11-24 15:27:01,611 [INFO] ApplicationProperties:181 - Using Application install path: G:\Vi xu li\STM32CubeIDE_1.7.0\STM32CubeIDE\plugins\com.st.stm32cube.common.mx_6.3.0.202107141111
2022-11-24 15:27:01,611 [INFO] PluginManage:188 - Search for loadable plugins [exclusion list=, ]
2022-11-24 15:27:01,611 [INFO] PluginManage:302 - Check plugin analytics
2022-11-24 15:27:06,634 [INFO] AnalyticsPlugin:257 - Accepted Software Licenses: 
2022-11-24 15:27:06,634 [INFO] AnalyticsPlugin:259 - Accepted CMSIS Pack Licenses: 
2022-11-24 15:27:06,634 [INFO] AnalyticsPlugin:261 - Accepted Firmware Licenses: 
2022-11-24 15:27:06,640 [INFO] PluginManage:352 - Loaded plugin analytics (category:tool,tabindex:-1)
2022-11-24 15:27:06,642 [INFO] PluginManage:302 - Check plugin clock
2022-11-24 15:27:06,675 [INFO] PluginManage:352 - Loaded plugin clock (category:base,tabindex:2)
2022-11-24 15:27:06,675 [INFO] PluginManage:302 - Check plugin ddr
2022-11-24 15:27:06,702 [INFO] PluginManage:352 - Loaded plugin ddr (category:tool,tabindex:6)
2022-11-24 15:27:06,702 [INFO] PluginManage:302 - Check plugin filemanager
2022-11-24 15:27:07,190 [INFO] PluginManage:352 - Loaded plugin filemanager (category:base,tabindex:10)
2022-11-24 15:27:07,192 [INFO] PluginManage:302 - Check plugin ipmanager
2022-11-24 15:27:07,229 [INFO] PluginManage:352 - Loaded plugin ipmanager (category:base,tabindex:5)
2022-11-24 15:27:07,229 [INFO] PluginManage:302 - Check plugin pinoutandconfiguration
2022-11-24 15:27:07,253 [INFO] PluginManage:352 - Loaded plugin pinoutandconfiguration (category:base,tabindex:1)
2022-11-24 15:27:07,253 [INFO] PluginManage:302 - Check plugin pinoutconfig
2022-11-24 15:27:07,382 [INFO] PluginManage:352 - Loaded plugin pinoutconfig (category:base,tabindex:0)
2022-11-24 15:27:07,383 [INFO] PluginManage:302 - Check plugin power
2022-11-24 15:27:07,490 [INFO] PluginManage:352 - Loaded plugin power (category:power,tabindex:4)
2022-11-24 15:27:07,490 [INFO] PluginManage:302 - Check plugin projectmanager
2022-11-24 15:27:07,530 [INFO] PluginManage:352 - Loaded plugin projectmanager (category:projectmanager,tabindex:3)
2022-11-24 15:27:07,530 [INFO] PluginManage:302 - Check plugin thirdparty
2022-11-24 15:27:08,053 [WARN] IntegrityCheckThread:78 - waiting for thirdparty lock release [integrity check]
2022-11-24 15:27:08,053 [INFO] PluginManage:352 - Loaded plugin thirdparty (category:base,tabindex:-1)
2022-11-24 15:27:08,053 [INFO] IntegrityCheckThread:80 - entering critical section [integrity check]
2022-11-24 15:27:08,053 [INFO] PluginManage:302 - Check plugin tools
2022-11-24 15:27:08,053 [INFO] ThirdPartyUpdaterWithRetryManager:66 - Updater plugin not ready yet. [1/15]
2022-11-24 15:27:08,163 [INFO] PluginManage:352 - Loaded plugin tools (category:base,tabindex:7)
2022-11-24 15:27:08,163 [INFO] PluginManage:302 - Check plugin tutovideos
2022-11-24 15:27:08,638 [INFO] PluginManage:352 - Loaded plugin tutovideos (category:base,tabindex:-1)
2022-11-24 15:27:08,638 [INFO] PluginManage:302 - Check plugin updater
2022-11-24 15:27:08,701 [INFO] PluginManage:352 - Loaded plugin updater (category:base,tabindex:12)
2022-11-24 15:27:08,701 [INFO] PluginManage:275 - PluginManage : Loaded plugins [13]
2022-11-24 15:27:09,218 [INFO] PinOutPanel:1463 - setPackage(No Configuration,No Configuration)
2022-11-24 15:27:09,402 [INFO] IPUIPlugin:74 - create IPUIPlugin
2022-11-24 15:27:09,402 [INFO] PluginManager:213 - loadIPPluginJar : add adc
2022-11-24 15:27:09,476 [INFO] IPUIPlugin:74 - create IPUIPlugin
2022-11-24 15:27:09,476 [INFO] PluginManager:213 - loadIPPluginJar : add aes
2022-11-24 15:27:09,531 [INFO] IPUIPlugin:74 - create IPUIPlugin
2022-11-24 15:27:09,531 [INFO] PluginManager:213 - loadIPPluginJar : add can
2022-11-24 15:27:09,573 [INFO] IPUIPlugin:74 - create IPUIPlugin
2022-11-24 15:27:09,573 [INFO] PluginManager:213 - loadIPPluginJar : add comp
2022-11-24 15:27:09,632 [INFO] IPUIPlugin:74 - create IPUIPlugin
2022-11-24 15:27:09,632 [INFO] PluginManager:213 - loadIPPluginJar : add cryp
2022-11-24 15:27:09,685 [INFO] IPUIPlugin:74 - create IPUIPlugin
2022-11-24 15:27:09,685 [INFO] PluginManager:213 - loadIPPluginJar : add dfsdm
2022-11-24 15:27:09,703 [INFO] IPUIPlugin:74 - create IPUIPlugin
2022-11-24 15:27:09,703 [INFO] PluginManager:213 - loadIPPluginJar : add dma
2022-11-24 15:27:09,793 [INFO] IPUIPlugin:74 - create IPUIPlugin
2022-11-24 15:27:09,793 [INFO] PluginManager:213 - loadIPPluginJar : add dma3
2022-11-24 15:27:09,856 [INFO] IPUIPlugin:74 - create IPUIPlugin
2022-11-24 15:27:09,856 [INFO] PluginManager:213 - loadIPPluginJar : add fatfs
2022-11-24 15:27:09,951 [INFO] IPUIPlugin:74 - create IPUIPlugin
2022-11-24 15:27:09,951 [INFO] PluginManager:213 - loadIPPluginJar : add fmc
2022-11-24 15:27:09,983 [INFO] IPUIPlugin:74 - create IPUIPlugin
2022-11-24 15:27:09,983 [INFO] PluginManager:213 - loadIPPluginJar : add freertos
2022-11-24 15:27:10,023 [INFO] IPUIPlugin:74 - create IPUIPlugin
2022-11-24 15:27:10,023 [INFO] PluginManager:213 - loadIPPluginJar : add genericplugin
2022-11-24 15:27:10,223 [INFO] IPUIPlugin:74 - create IPUIPlugin
2022-11-24 15:27:10,223 [INFO] PluginManager:213 - loadIPPluginJar : add gfxmmu
2022-11-24 15:27:10,503 [INFO] IPUIPlugin:74 - create IPUIPlugin
2022-11-24 15:27:10,503 [INFO] PluginManager:213 - loadIPPluginJar : add gic
2022-11-24 15:27:10,553 [INFO] IPUIPlugin:74 - create IPUIPlugin
2022-11-24 15:27:10,553 [INFO] PluginManager:213 - loadIPPluginJar : add gpio
2022-11-24 15:27:10,710 [INFO] IPUIPlugin:74 - create IPUIPlugin
2022-11-24 15:27:10,710 [INFO] PluginManager:213 - loadIPPluginJar : add gtzc
2022-11-24 15:27:10,763 [INFO] IPUIPlugin:74 - create IPUIPlugin
2022-11-24 15:27:10,763 [INFO] PluginManager:213 - loadIPPluginJar : add hash
2022-11-24 15:27:10,844 [INFO] IPUIPlugin:74 - create IPUIPlugin
2022-11-24 15:27:10,844 [INFO] PluginManager:213 - loadIPPluginJar : add i2c
2022-11-24 15:27:10,893 [INFO] IPUIPlugin:74 - create IPUIPlugin
2022-11-24 15:27:10,893 [INFO] PluginManager:213 - loadIPPluginJar : add i2s
2022-11-24 15:27:10,940 [INFO] IPUIPlugin:74 - create IPUIPlugin
2022-11-24 15:27:10,940 [INFO] PluginManager:213 - loadIPPluginJar : add ipddr
2022-11-24 15:27:11,033 [INFO] IPUIPlugin:74 - create IPUIPlugin
2022-11-24 15:27:11,033 [INFO] PluginManager:213 - loadIPPluginJar : add linkedlist
2022-11-24 15:27:11,057 [INFO] ThirdPartyUpdaterWithRetryManager:66 - Updater plugin not ready yet. [2/15]
2022-11-24 15:27:11,073 [INFO] IPUIPlugin:74 - create IPUIPlugin
2022-11-24 15:27:11,073 [INFO] PluginManager:213 - loadIPPluginJar : add lorawan
2022-11-24 15:27:11,129 [INFO] IPUIPlugin:74 - create IPUIPlugin
2022-11-24 15:27:11,129 [INFO] PluginManager:213 - loadIPPluginJar : add ltdc
2022-11-24 15:27:11,143 [INFO] IPUIPlugin:74 - create IPUIPlugin
2022-11-24 15:27:11,143 [INFO] PluginManager:213 - loadIPPluginJar : add mdma
2022-11-24 15:27:11,153 [INFO] IPUIPlugin:74 - create IPUIPlugin
2022-11-24 15:27:11,153 [INFO] PluginManager:213 - loadIPPluginJar : add nvic
2022-11-24 15:27:11,202 [INFO] IPUIPlugin:74 - create IPUIPlugin
2022-11-24 15:27:11,202 [INFO] PluginManager:213 - loadIPPluginJar : add opamp
2022-11-24 15:27:11,274 [INFO] IPUIPlugin:74 - create IPUIPlugin
2022-11-24 15:27:11,274 [INFO] PluginManager:213 - loadIPPluginJar : add openamp
2022-11-24 15:27:11,333 [INFO] IPUIPlugin:74 - create IPUIPlugin
2022-11-24 15:27:11,333 [INFO] PluginManager:213 - loadIPPluginJar : add pdm2pcm
2022-11-24 15:27:11,353 [INFO] IPUIPlugin:74 - create IPUIPlugin
2022-11-24 15:27:11,353 [INFO] PluginManager:213 - loadIPPluginJar : add plateformsettings
2022-11-24 15:27:11,386 [INFO] IPUIPlugin:74 - create IPUIPlugin
2022-11-24 15:27:11,386 [INFO] PluginManager:213 - loadIPPluginJar : add quadspi
2022-11-24 15:27:11,413 [INFO] IPUIPlugin:74 - create IPUIPlugin
2022-11-24 15:27:11,413 [INFO] PluginManager:213 - loadIPPluginJar : add resmgrutility
2022-11-24 15:27:11,486 [INFO] IPUIPlugin:74 - create IPUIPlugin
2022-11-24 15:27:11,486 [INFO] PluginManager:213 - loadIPPluginJar : add sai
2022-11-24 15:27:11,533 [INFO] IPUIPlugin:74 - create IPUIPlugin
2022-11-24 15:27:11,533 [INFO] PluginManager:213 - loadIPPluginJar : add spi
2022-11-24 15:27:11,606 [INFO] IPUIPlugin:74 - create IPUIPlugin
2022-11-24 15:27:11,606 [INFO] PluginManager:213 - loadIPPluginJar : add stm32_wpan
2022-11-24 15:27:11,642 [INFO] IPUIPlugin:74 - create IPUIPlugin
2022-11-24 15:27:11,642 [INFO] PluginManager:213 - loadIPPluginJar : add tim
2022-11-24 15:27:11,733 [INFO] IPUIPlugin:74 - create IPUIPlugin
2022-11-24 15:27:11,733 [INFO] PluginManager:213 - loadIPPluginJar : add touchsensing
2022-11-24 15:27:11,761 [INFO] IPUIPlugin:74 - create IPUIPlugin
2022-11-24 15:27:11,761 [INFO] PluginManager:213 - loadIPPluginJar : add tracer_emb
2022-11-24 15:27:11,809 [INFO] IPUIPlugin:74 - create IPUIPlugin
2022-11-24 15:27:11,812 [INFO] PluginManager:213 - loadIPPluginJar : add ts
2022-11-24 15:27:11,840 [INFO] IPUIPlugin:74 - create IPUIPlugin
2022-11-24 15:27:11,840 [INFO] PluginManager:213 - loadIPPluginJar : add tsc
2022-11-24 15:27:11,883 [INFO] IPUIPlugin:74 - create IPUIPlugin
2022-11-24 15:27:11,883 [INFO] PluginManager:213 - loadIPPluginJar : add ucpd
2022-11-24 15:27:11,942 [INFO] IPUIPlugin:74 - create IPUIPlugin
2022-11-24 15:27:11,942 [INFO] PluginManager:213 - loadIPPluginJar : add usart
2022-11-24 15:27:11,990 [INFO] IPUIPlugin:74 - create IPUIPlugin
2022-11-24 15:27:11,990 [INFO] PluginManager:213 - loadIPPluginJar : add usbx
2022-11-24 15:27:12,529 [FATAL] Updater:294 - Updater called before beeing initialized
2022-11-24 15:27:12,721 [FATAL] Updater:294 - Updater called before beeing initialized
2022-11-24 15:27:12,721 [INFO] DbMcusAds:47 - JSON generation date=Thu Sep 30 13:56:37 ICT 2021 (1632984997303)
2022-11-24 15:27:12,721 [FATAL] Updater:294 - Updater called before beeing initialized
2022-11-24 15:27:12,942 [WARN] DetailPanel:314 - Failed to get advertising image, set to default
2022-11-24 15:27:13,213 [FATAL] Updater:294 - Updater called before beeing initialized
2022-11-24 15:27:13,213 [FATAL] Updater:294 - Updater called before beeing initialized
2022-11-24 15:27:13,213 [FATAL] Updater:294 - Updater called before beeing initialized
2022-11-24 15:27:13,218 [WARN] DetailPanel:314 - Failed to get advertising image, set to default
2022-11-24 15:27:13,218 [FATAL] Updater:294 - Updater called before beeing initialized
2022-11-24 15:27:13,335 [ERROR] Updater:1075 - MainUpdater not yet initialized. External WinMGr cannot be set.
2022-11-24 15:27:13,360 [INFO] Updater:1012 - Updater Version found : 6.3.0
2022-11-24 15:27:13,394 [INFO] ApplicationProperties:181 - Using Application install path: G:\Vi xu li\STM32CubeIDE_1.7.0\STM32CubeIDE\plugins\com.st.stm32cube.common.mx_6.3.0.202107141111
2022-11-24 15:27:14,071 [INFO] ThirdPartyUpdaterWithRetryManager:66 - Updater plugin not ready yet. [3/15]
2022-11-24 15:27:14,821 [INFO] MainUpdater:2671 - connection check result : 10
2022-11-24 15:27:14,821 [INFO] MainUpdater:3359 - Updater definition file requires update
2022-11-24 15:27:14,821 [INFO] MainUpdater:265 - Updater Check For Update Now.
2022-11-24 15:27:14,821 [INFO] MicroXplorer:478 - Change Database Version : DB.6.0.30
2022-11-24 15:27:14,989 [INFO] ServerAccessManage:362 - Download File updaters.zip
2022-11-24 15:27:15,071 [INFO] FileExtend:235 - Unzip File : updaters.zip
2022-11-24 15:27:15,071 [INFO] FileExtend:250 - Standard Zip Deflate
2022-11-24 15:27:16,161 [INFO] ServerAccessManage:362 - Download File PacksControlFlags.xml
2022-11-24 15:27:16,390 [INFO] ServerAccessManage:362 - Download File cubemx.pidx
2022-11-24 15:27:17,081 [WARN] MainUpdater:1122 - Updater busy. Cannot search thirdparties
2022-11-24 15:27:17,081 [INFO] ThirdPartyUpdaterWithRetryManager:92 - Updater plugin is busy. [1/15]
2022-11-24 15:27:17,540 [INFO] ServerAccessManage:362 - Download File STMicroelectronics.X-CUBE-NFC4.pdsc
2022-11-24 15:27:19,212 [WARN] PackLoader:238 - Cannot read IP mode file for STMicroelectronics.X-CUBE-NFC4.2.0.5
2022-11-24 15:27:19,221 [INFO] PopulateThirdPartyThread:60 - Ending populate Thread
2022-11-24 15:27:19,221 [INFO] ThirdParty:967 - CMSIS Pack Vendor :STMicroelectronics X-CUBE-NFC4 2.0.5
2022-11-24 15:27:19,221 [INFO] LoadServerUpdatesThread:339 - End of LoadServerUpdate Thread
2022-11-24 15:27:19,303 [INFO] CheckServerUpdateThread:112 - End of CheckServer Thread
2022-11-24 15:27:19,349 [INFO] MainUpdater:2671 - connection check result : 10
2022-11-24 15:27:19,411 [INFO] McuFinderGlobals:52 - Set McuFinderConnectedMode to true
2022-11-24 15:27:20,097 [WARN] MainUpdater:1122 - Updater busy. Cannot search thirdparties
2022-11-24 15:27:20,097 [INFO] ThirdPartyUpdaterWithRetryManager:92 - Updater plugin is busy. [2/15]
2022-11-24 15:27:20,731 [INFO] ServerAccessManage:362 - Download File mcusAds.json._tmp_
2022-11-24 15:27:20,873 [INFO] LoadUrlFilesThread:145 - End of LoadUrlFiles Thread
2022-11-24 15:27:22,002 [INFO] ServerAccessManage:362 - Download File mcusDocs.json._tmp_
2022-11-24 15:27:22,922 [INFO] LoadUrlFilesThread:145 - End of LoadUrlFiles Thread
2022-11-24 15:27:23,098 [WARN] MainUpdater:1122 - Updater busy. Cannot search thirdparties
2022-11-24 15:27:23,098 [INFO] ThirdPartyUpdaterWithRetryManager:92 - Updater plugin is busy. [3/15]
2022-11-24 15:27:23,413 [INFO] ServerAccessManage:362 - Download File mcusFeaturesAndDescription.json._tmp_
2022-11-24 15:27:26,100 [WARN] MainUpdater:1122 - Updater busy. Cannot search thirdparties
2022-11-24 15:27:26,100 [INFO] ThirdPartyUpdaterWithRetryManager:92 - Updater plugin is busy. [4/15]
2022-11-24 15:27:29,108 [WARN] MainUpdater:1122 - Updater busy. Cannot search thirdparties
2022-11-24 15:27:29,108 [INFO] ThirdPartyUpdaterWithRetryManager:92 - Updater plugin is busy. [5/15]
2022-11-24 15:27:32,112 [WARN] MainUpdater:1122 - Updater busy. Cannot search thirdparties
2022-11-24 15:27:32,112 [INFO] ThirdPartyUpdaterWithRetryManager:92 - Updater plugin is busy. [6/15]
2022-11-24 15:27:33,982 [INFO] LoadUrlFilesThread:145 - End of LoadUrlFiles Thread
2022-11-24 15:27:34,302 [INFO] ServerAccessManage:362 - Download File boardsDocs.json._tmp_
2022-11-24 15:27:34,474 [INFO] LoadUrlFilesThread:145 - End of LoadUrlFiles Thread
2022-11-24 15:27:34,812 [INFO] ServerAccessManage:362 - Download File boards.json._tmp_
2022-11-24 15:27:35,120 [WARN] MainUpdater:1122 - Updater busy. Cannot search thirdparties
2022-11-24 15:27:35,120 [INFO] ThirdPartyUpdaterWithRetryManager:92 - Updater plugin is busy. [7/15]
2022-11-24 15:27:35,448 [INFO] LoadUrlFilesThread:145 - End of LoadUrlFiles Thread
2022-11-24 15:27:35,773 [INFO] ServerAccessManage:362 - Download File cube-finder-db.zip
2022-11-24 15:27:38,120 [WARN] MainUpdater:1122 - Updater busy. Cannot search thirdparties
2022-11-24 15:27:38,120 [INFO] ThirdPartyUpdaterWithRetryManager:92 - Updater plugin is busy. [8/15]
2022-11-24 15:27:41,122 [WARN] MainUpdater:1122 - Updater busy. Cannot search thirdparties
2022-11-24 15:27:41,122 [INFO] ThirdPartyUpdaterWithRetryManager:92 - Updater plugin is busy. [9/15]
2022-11-24 15:27:44,142 [WARN] MainUpdater:1122 - Updater busy. Cannot search thirdparties
2022-11-24 15:27:44,142 [INFO] ThirdPartyUpdaterWithRetryManager:92 - Updater plugin is busy. [10/15]
2022-11-24 15:27:47,163 [WARN] MainUpdater:1122 - Updater busy. Cannot search thirdparties
2022-11-24 15:27:47,163 [INFO] ThirdPartyUpdaterWithRetryManager:92 - Updater plugin is busy. [11/15]
2022-11-24 15:27:50,164 [WARN] MainUpdater:1122 - Updater busy. Cannot search thirdparties
2022-11-24 15:27:50,164 [INFO] ThirdPartyUpdaterWithRetryManager:92 - Updater plugin is busy. [12/15]
2022-11-24 15:27:50,507 [INFO] FileExtend:235 - Unzip File : cube-finder-db.zip
2022-11-24 15:27:50,507 [INFO] FileExtend:250 - Standard Zip Deflate
2022-11-24 15:27:51,721 [INFO] LoadUrlFilesThread:145 - End of LoadUrlFiles Thread
2022-11-24 15:27:53,171 [WARN] MainUpdater:1122 - Updater busy. Cannot search thirdparties
2022-11-24 15:27:53,171 [INFO] ThirdPartyUpdaterWithRetryManager:92 - Updater plugin is busy. [13/15]
2022-11-24 15:27:53,893 [INFO] ServerAccessManage:362 - Download File crdb.zip
2022-11-24 15:27:56,112 [INFO] FileExtend:235 - Unzip File : crdb.zip
2022-11-24 15:27:56,112 [INFO] FileExtend:250 - Standard Zip Deflate
2022-11-24 15:27:56,175 [WARN] MainUpdater:1122 - Updater busy. Cannot search thirdparties
2022-11-24 15:27:56,175 [INFO] ThirdPartyUpdaterWithRetryManager:92 - Updater plugin is busy. [14/15]
2022-11-24 15:27:56,282 [INFO] LoadUrlFilesThread:145 - End of LoadUrlFiles Thread
2022-11-24 15:27:56,686 [INFO] ServerAccessManage:362 - Download File tutoVideoDB.zip
2022-11-24 15:27:56,775 [INFO] FileExtend:235 - Unzip File : tutoVideoDB.zip
2022-11-24 15:27:56,775 [INFO] FileExtend:250 - Standard Zip Deflate
2022-11-24 15:27:56,916 [INFO] LoadUrlFilesThread:145 - End of LoadUrlFiles Thread
2022-11-24 15:27:56,918 [INFO] DbMcusAds:47 - JSON generation date=Thu Sep 30 13:56:37 ICT 2021 (1632984997303)
2022-11-24 15:27:56,960 [INFO] DbMcusDocs:143 - JSON generation date=Tue Nov 16 23:17:54 ICT 2021 (1637079474)
2022-11-24 15:27:56,995 [INFO] DbMcusXml:100 - Load MCU database from G:\Vi xu li\STM32CubeIDE_1.7.0\STM32CubeIDE\plugins\com.st.stm32cube.common.mx_6.3.0.202107141111\\db\/mcu/families.xml
2022-11-24 15:27:58,426 [INFO] DbMcusJson:93 - JSON generation date=Tue Nov 16 23:17:54 ICT 2021 (1637079474)
2022-11-24 15:27:59,415 [WARN] PackLoader:238 - Cannot read IP mode file for STMicroelectronics.X-CUBE-GNSS1.6.0.0
2022-11-24 15:27:59,514 [WARN] PackLoader:238 - Cannot read IP mode file for STMicroelectronics.X-CUBE-AZRTOS-F4.1.1.0
2022-11-24 15:27:59,522 [INFO] DbMcus:175 - Found 1951 MCUs (1903 are supported by CubeMX, 1914 are visible in CubeMX)
2022-11-24 15:27:59,531 [INFO] ApiDb:251 - Load user favorites file C:\Users\HELLO SON/.stm32cubeide/favorites.mcus.txt: 0 item(s)
2022-11-24 15:27:59,531 [INFO] ApiDb:255 - User favorites MCUs=[]
2022-11-24 15:27:59,531 [INFO] DbMcus:187 - Set 0 / 0 favorites MCUs
2022-11-24 15:27:59,545 [WARN] PackLoader:238 - Cannot read IP mode file for STMicroelectronics.X-CUBE-BLEMGR.1.2.0
2022-11-24 15:27:59,707 [WARN] PackLoader:238 - Cannot read IP mode file for STMicroelectronics.X-CUBE-AZRTOS-F7.1.1.0
2022-11-24 15:27:59,745 [WARN] PackLoader:238 - Cannot read IP mode file for STMicroelectronics.X-CUBE-BLE1.6.2.3
2022-11-24 15:27:59,755 [WARN] PackLoader:238 - Cannot read IP mode file for STMicroelectronics.X-CUBE-NFC4.2.0.5
2022-11-24 15:27:59,773 [WARN] PackLoader:238 - Cannot read IP mode file for STMicroelectronics.X-CUBE-NFC4.2.0.4
2022-11-24 15:27:59,806 [WARN] PackLoader:238 - Cannot read IP mode file for STMicroelectronics.X-CUBE-TOF1.3.1.0
2022-11-24 15:27:59,835 [WARN] PackLoader:238 - Cannot read IP mode file for wolfSSL.I-CUBE-wolfSSL.5.5.0
2022-11-24 15:27:59,856 [WARN] PackLoader:238 - Cannot read IP mode file for STMicroelectronics.X-CUBE-NFC7.1.0.0
2022-11-24 15:27:59,986 [WARN] PackLoader:238 - Cannot read IP mode file for STMicroelectronics.X-CUBE-MEMS1.9.3.0
2022-11-24 15:28:00,405 [WARN] PackLoader:238 - Cannot read IP mode file for STMicroelectronics.X-CUBE-AI.7.2.0
2022-11-24 15:28:00,429 [WARN] PackLoader:238 - Cannot read IP mode file for STMicroelectronics.X-CUBE-SFXS2LP1.4.0.0
2022-11-24 15:28:00,445 [WARN] PackLoader:238 - Cannot read IP mode file for STMicroelectronics.X-CUBE-BLE2.3.3.0
2022-11-24 15:28:00,475 [WARN] PackLoader:238 - Cannot read IP mode file for STMicroelectronics.X-CUBE-DISPLAY.2.2.0
2022-11-24 15:28:00,523 [WARN] PackLoader:238 - Cannot read IP mode file for STMicroelectronics.X-CUBE-TOF1.3.2.0
2022-11-24 15:28:00,556 [WARN] PackLoader:238 - Cannot read IP mode file for STMicroelectronics.X-CUBE-ISPU.1.0.0
2022-11-24 15:28:00,610 [WARN] PackLoader:238 - Cannot read IP mode file for STMicroelectronics.X-CUBE-ISPU.1.1.0
2022-11-24 15:28:00,636 [WARN] PackLoader:238 - Cannot read IP mode file for RoweBots.I-CUBE-UNISONRTOS.5.5.0-4
2022-11-24 15:28:00,695 [WARN] PackLoader:238 - Cannot read IP mode file for STMicroelectronics.X-CUBE-AZRTOS-H7.2.1.0
2022-11-24 15:28:00,728 [WARN] PackLoader:238 - Cannot read IP mode file for STMicroelectronics.X-CUBE-BLEMGR.1.0.0
2022-11-24 15:28:00,746 [WARN] PackLoader:238 - Cannot read IP mode file for STMicroelectronics.X-CUBE-AI.7.3.0
2022-11-24 15:28:00,767 [WARN] PackLoader:238 - Cannot read IP mode file for STMicroelectronics.X-CUBE-ALGOBUILD.1.3.0
2022-11-24 15:28:00,825 [WARN] PackLoader:238 - Cannot read IP mode file for STMicroelectronics.X-CUBE-AZRTOS-G0.1.1.0
2022-11-24 15:28:00,855 [WARN] PackLoader:238 - Cannot read IP mode file for STMicroelectronics.X-CUBE-SUBG2.5.0.0
2022-11-24 15:28:00,879 [INFO] DbMcusDocs:79 - Found 682 MCUs documents
2022-11-24 15:28:00,881 [INFO] ApiDb:276 - Save user favorites file C:\Users\HELLO SON/.stm32cubeide/favorites.mcus.txt: 0 item(s)
2022-11-24 15:28:00,881 [INFO] ApiDb:280 - User favorites MCUs=[]
2022-11-24 15:28:00,881 [INFO] DbMcusXml:100 - Load MCU database from G:\Vi xu li\STM32CubeIDE_1.7.0\STM32CubeIDE\plugins\com.st.stm32cube.common.mx_6.3.0.202107141111\\db\/mcu/families.xml
2022-11-24 15:28:00,936 [WARN] PackLoader:238 - Cannot read IP mode file for SEGGER.I-CUBE-embOS.1.2.0
2022-11-24 15:28:00,998 [WARN] PackLoader:238 - Cannot read IP mode file for STMicroelectronics.FP-ATR-ASTRA1.1.1.1
2022-11-24 15:28:01,034 [WARN] PackLoader:238 - Cannot read IP mode file for STMicroelectronics.X-CUBE-AZRTOS-G4.1.0.0
2022-11-24 15:28:01,050 [WARN] PackLoader:238 - Cannot read IP mode file for STMicroelectronics.FP-ATR-SIGFOX1.3.2.0
2022-11-24 15:28:01,106 [WARN] PackLoader:238 - Cannot read IP mode file for STMicroelectronics.X-CUBE-AZRTOS-L4.1.0.0
2022-11-24 15:28:01,133 [WARN] PackLoader:238 - Cannot read IP mode file for emotas.I-CUBE-CANOPEN.1.1.2
2022-11-24 15:28:01,146 [WARN] PackLoader:238 - Cannot read IP mode file for STMicroelectronics.X-CUBE-TOUCHGFX.4.20.0
2022-11-24 15:28:01,206 [WARN] PackLoader:238 - Cannot read IP mode file for STMicroelectronics.X-CUBE-AZRTOS-WL.1.0.0
2022-11-24 15:28:01,224 [WARN] PackLoader:238 - Cannot read IP mode file for portGmbH.I-Cube-SoM-uGOAL.1.1.0
2022-11-24 15:28:01,240 [WARN] PackLoader:238 - Cannot read IP mode file for STMicroelectronics.X-CUBE-ALS.1.0.1
2022-11-24 15:28:01,336 [WARN] PackLoader:238 - Cannot read IP mode file for STMicroelectronics.X-CUBE-AZRTOS-L5.1.0.0
2022-11-24 15:28:01,356 [WARN] PackLoader:238 - Cannot read IP mode file for STMicroelectronics.X-CUBE-EEPRMA1.3.1.1
2022-11-24 15:28:01,364 [INFO] ThirdParty:915 - Integrity check success = true
2022-11-24 15:28:01,364 [INFO] IntegrityCheckThread:94 - exiting critical section [integrity check]
2022-11-24 15:28:01,364 [INFO] IntegrityCheckThread:97 - End integrity checks thread
2022-11-24 15:28:02,136 [INFO] DbMcusJson:93 - JSON generation date=Tue Nov 16 23:17:54 ICT 2021 (1637079474)
2022-11-24 15:28:03,017 [INFO] DbMcus:175 - Found 1951 MCUs (1903 are supported by CubeMX, 1914 are visible in CubeMX)
2022-11-24 15:28:03,017 [INFO] ApiDb:251 - Load user favorites file C:\Users\HELLO SON/.stm32cubeide/favorites.mcus.txt: 0 item(s)
2022-11-24 15:28:03,017 [INFO] ApiDb:255 - User favorites MCUs=[]
2022-11-24 15:28:03,017 [INFO] DbMcus:187 - Set 0 / 0 favorites MCUs
2022-11-24 15:28:03,033 [INFO] DbBoardsDocs:143 - JSON generation date=Tue Nov 16 23:17:54 ICT 2021 (1637079474)
2022-11-24 15:28:03,193 [INFO] DbBoardsPdsc:90 - Found 25 items
2022-11-24 15:28:03,241 [INFO] DbBoardsPdsc:90 - Found 9 items
2022-11-24 15:28:03,275 [INFO] DbBoardsPdsc:90 - Found 33 items
2022-11-24 15:28:03,302 [INFO] DbBoardsPdsc:90 - Found 1 items
2022-11-24 15:28:03,335 [INFO] DbBoardsPdsc:90 - Found 48 items
2022-11-24 15:28:03,376 [INFO] DbBoardsPdsc:90 - Found 43 items
2022-11-24 15:28:03,387 [INFO] DbBoardsPdsc:90 - Found 2 items
2022-11-24 15:28:03,411 [INFO] DbBoardsPdsc:90 - Found 5 items
2022-11-24 15:28:03,419 [WARN] DbBoardsPdsc:254 - Board STM32H7B3I-DK: unknown feature type=Audio, name=, username=Audio stereo codec with Headphone Amp (CS42L51-CNZ), n=1
2022-11-24 15:28:03,419 [WARN] DbBoardsPdsc:254 - Board STM32H735G-DK: unknown feature type=Audio, name=, username=Audio stereo codec with Headphone Amp (WM8994ECS/R), n=1
2022-11-24 15:28:03,419 [WARN] DbBoardsPdsc:254 - Board STM32H7B3I-EVAL: unknown feature type=Audio, name=, username=Multi-Channel Audio Codec (CS42L51-CNZ), n=1
2022-11-24 15:28:03,419 [WARN] DbBoardsPdsc:254 - Board STM32H7B3I-EVAL: unknown feature type=Meter, name=, username=Power-metering and Temperature-monitoring with sigma-delta modulators, n=1
2022-11-24 15:28:03,419 [WARN] DbBoardsPdsc:254 - Board STM32H7B3I-EVAL: unknown feature type=Motor, name=, username=Motor Control, n=1
2022-11-24 15:28:03,419 [WARN] DbBoardsPdsc:254 - Board STM32U575I-EV: unknown feature type=joystick, name=, username=4-direction joystick with selection button, n=1
2022-11-24 15:28:03,486 [INFO] DbBoardsJson:86 - JSON generation date=Tue Nov 16 23:17:54 ICT 2021 (1637079474)
2022-11-24 15:28:03,498 [INFO] DbBoards:117 - Found 167 boards (163 are supported by CubeMX)
2022-11-24 15:28:03,502 [INFO] DbBoardsDocs:143 - JSON generation date=Tue Nov 16 23:17:54 ICT 2021 (1637079474)
2022-11-24 15:28:03,507 [INFO] DbBoardsDocs:79 - Found 209 boards documents
2022-11-24 15:28:03,515 [WARN] DbBoards:127 - board B-L475E-IOT01A2 has no document id list !
2022-11-24 15:28:03,516 [WARN] DbBoards:127 - board NUCLEO-H743ZI has no document id list !
2022-11-24 15:28:03,516 [WARN] DbBoards:127 - board NUCLEO-WL55JC2 has no document id list !
2022-11-24 15:28:03,516 [WARN] DbBoards:127 - board P-NUCLEO-WB55-Nucleo has no document id list !
2022-11-24 15:28:03,516 [WARN] DbBoards:127 - board P-NUCLEO-WB55-USBDongle has no document id list !
2022-11-24 15:28:03,516 [WARN] DbBoards:127 - board STEVAL-BFA001V1B has no document id list !
2022-11-24 15:28:03,516 [WARN] DbBoards:127 - board STEVAL-BFA001V2B has no document id list !
2022-11-24 15:28:03,516 [WARN] DbBoards:127 - board STEVAL-IDP005V1 has no document id list !
2022-11-24 15:28:03,516 [WARN] DbBoards:127 - board STEVAL-IDP005V2 has no document id list !
2022-11-24 15:28:03,516 [WARN] DbBoards:127 - board STEVAL-MKSBOX1V1 has no document id list !
2022-11-24 15:28:03,516 [WARN] DbBoards:127 - board STEVAL-STWINKT1 has no document id list !
2022-11-24 15:28:03,516 [WARN] DbBoards:127 - board STEVAL-STWINKT1B has no document id list !
2022-11-24 15:28:03,516 [WARN] DbBoards:127 - board STM32439I-EVAL2 has no document id list !
2022-11-24 15:28:03,516 [WARN] DbBoards:127 - board STM32F401C-DISCO has no document id list !
2022-11-24 15:28:03,516 [WARN] DbBoards:127 - board STM32F769I-DISC1 has no document id list !
2022-11-24 15:28:03,522 [WARN] DbBoards:127 - board STM32G474E-EVAL1 has no document id list !
2022-11-24 15:28:03,522 [WARN] DbBoards:127 - board STM32H743I-EVAL2 has no document id list !
2022-11-24 15:28:03,522 [WARN] DbBoards:127 - board STM32H747I-DISC1 has no document id list !
2022-11-24 15:28:03,522 [WARN] DbBoards:127 - board STM32H753I-EVAL2 has no document id list !
2022-11-24 15:28:03,522 [WARN] DbBoards:127 - board STM32L-DISCOVERY has no document id list !
2022-11-24 15:28:03,928 [ERROR] DbBoards:189 - Image file not found for board B-U585I-IOT02A: G:\Vi xu li\STM32CubeIDE_1.7.0\STM32CubeIDE\plugins\com.st.stm32cube.common.mx_6.3.0.202107141111\\db\/plugins/mcufinder/images/boards/B-U585I-IOT02A_small.jpg
2022-11-24 15:28:04,240 [ERROR] DbBoards:189 - Image file not found for board NUCLEO-F413ZH: G:\Vi xu li\STM32CubeIDE_1.7.0\STM32CubeIDE\plugins\com.st.stm32cube.common.mx_6.3.0.202107141111\\db\/plugins/mcufinder/images/boards/nucleo-f413zh_small.jpg
2022-11-24 15:28:04,615 [ERROR] DbBoards:189 - Image file not found for board NUCLEO-L552ZE-Q: G:\Vi xu li\STM32CubeIDE_1.7.0\STM32CubeIDE\plugins\com.st.stm32cube.common.mx_6.3.0.202107141111\\db\/plugins/mcufinder/images/boards/nucleo_l552ze_q_small.jpg
2022-11-24 15:28:04,615 [ERROR] DbBoards:189 - Image file not found for board NUCLEO-U575ZI-Q: G:\Vi xu li\STM32CubeIDE_1.7.0\STM32CubeIDE\plugins\com.st.stm32cube.common.mx_6.3.0.202107141111\\db\/plugins/mcufinder/images/boards/nucleo-u575zi-q_small.jpg
2022-11-24 15:28:04,615 [ERROR] DbBoards:189 - Image file not found for board NUCLEO-WB15CC: G:\Vi xu li\STM32CubeIDE_1.7.0\STM32CubeIDE\plugins\com.st.stm32cube.common.mx_6.3.0.202107141111\\db\/plugins/mcufinder/images/boards/nucleo-wb15cc_small.jpg
2022-11-24 15:28:04,615 [ERROR] DbBoards:189 - Image file not found for board NUCLEO-WB55RG: G:\Vi xu li\STM32CubeIDE_1.7.0\STM32CubeIDE\plugins\com.st.stm32cube.common.mx_6.3.0.202107141111\\db\/plugins/mcufinder/images/boards/nucleo-wb55rg_small.jpg
2022-11-24 15:28:07,080 [INFO] ApiDb:251 - Load user favorites file C:\Users\HELLO SON/.stm32cubeide/favorites.boards.txt: 0 item(s)
2022-11-24 15:28:07,080 [INFO] ApiDb:255 - User favorites Boards=[]
2022-11-24 15:28:07,080 [INFO] DbBoards:206 - Set 0 / 0 favorites Boards
2022-11-24 15:28:07,080 [INFO] DbBoardsDocs:79 - Found 418 boards documents
2022-11-24 15:28:07,086 [INFO] ApiDb:276 - Save user favorites file C:\Users\HELLO SON/.stm32cubeide/favorites.boards.txt: 0 item(s)
2022-11-24 15:28:07,086 [INFO] ApiDb:280 - User favorites Boards=[]
2022-11-24 15:28:07,087 [INFO] DbBoardsPdsc:90 - Found 25 items
2022-11-24 15:28:07,087 [INFO] DbBoardsPdsc:90 - Found 9 items
2022-11-24 15:28:07,087 [INFO] DbBoardsPdsc:90 - Found 33 items
2022-11-24 15:28:07,095 [INFO] DbBoardsPdsc:90 - Found 1 items
2022-11-24 15:28:07,095 [INFO] DbBoardsPdsc:90 - Found 48 items
2022-11-24 15:28:07,105 [INFO] DbBoardsPdsc:90 - Found 43 items
2022-11-24 15:28:07,105 [INFO] DbBoardsPdsc:90 - Found 2 items
2022-11-24 15:28:07,113 [INFO] DbBoardsPdsc:90 - Found 5 items
2022-11-24 15:28:07,116 [WARN] DbBoardsPdsc:254 - Board STM32H7B3I-DK: unknown feature type=Audio, name=, username=Audio stereo codec with Headphone Amp (CS42L51-CNZ), n=1
2022-11-24 15:28:07,116 [WARN] DbBoardsPdsc:254 - Board STM32H735G-DK: unknown feature type=Audio, name=, username=Audio stereo codec with Headphone Amp (WM8994ECS/R), n=1
2022-11-24 15:28:07,116 [WARN] DbBoardsPdsc:254 - Board STM32H7B3I-EVAL: unknown feature type=Audio, name=, username=Multi-Channel Audio Codec (CS42L51-CNZ), n=1
2022-11-24 15:28:07,116 [WARN] DbBoardsPdsc:254 - Board STM32H7B3I-EVAL: unknown feature type=Meter, name=, username=Power-metering and Temperature-monitoring with sigma-delta modulators, n=1
2022-11-24 15:28:07,116 [WARN] DbBoardsPdsc:254 - Board STM32H7B3I-EVAL: unknown feature type=Motor, name=, username=Motor Control, n=1
2022-11-24 15:28:07,116 [WARN] DbBoardsPdsc:254 - Board STM32U575I-EV: unknown feature type=joystick, name=, username=4-direction joystick with selection button, n=1
2022-11-24 15:28:07,145 [INFO] DbBoardsJson:86 - JSON generation date=Tue Nov 16 23:17:54 ICT 2021 (1637079474)
2022-11-24 15:28:07,145 [INFO] DbBoards:117 - Found 167 boards (163 are supported by CubeMX)
2022-11-24 15:28:07,145 [WARN] DbBoards:127 - board B-L475E-IOT01A2 has no document id list !
2022-11-24 15:28:07,153 [WARN] DbBoards:127 - board NUCLEO-H743ZI has no document id list !
2022-11-24 15:28:07,154 [WARN] DbBoards:127 - board NUCLEO-WL55JC2 has no document id list !
2022-11-24 15:28:07,154 [WARN] DbBoards:127 - board P-NUCLEO-WB55-Nucleo has no document id list !
2022-11-24 15:28:07,154 [WARN] DbBoards:127 - board P-NUCLEO-WB55-USBDongle has no document id list !
2022-11-24 15:28:07,154 [WARN] DbBoards:127 - board STEVAL-BFA001V1B has no document id list !
2022-11-24 15:28:07,154 [WARN] DbBoards:127 - board STEVAL-BFA001V2B has no document id list !
2022-11-24 15:28:07,154 [WARN] DbBoards:127 - board STEVAL-IDP005V1 has no document id list !
2022-11-24 15:28:07,154 [WARN] DbBoards:127 - board STEVAL-IDP005V2 has no document id list !
2022-11-24 15:28:07,154 [WARN] DbBoards:127 - board STEVAL-MKSBOX1V1 has no document id list !
2022-11-24 15:28:07,154 [WARN] DbBoards:127 - board STEVAL-STWINKT1 has no document id list !
2022-11-24 15:28:07,154 [WARN] DbBoards:127 - board STEVAL-STWINKT1B has no document id list !
2022-11-24 15:28:07,154 [WARN] DbBoards:127 - board STM32439I-EVAL2 has no document id list !
2022-11-24 15:28:07,154 [WARN] DbBoards:127 - board STM32F401C-DISCO has no document id list !
2022-11-24 15:28:07,154 [WARN] DbBoards:127 - board STM32F769I-DISC1 has no document id list !
2022-11-24 15:28:07,156 [WARN] DbBoards:127 - board STM32G474E-EVAL1 has no document id list !
2022-11-24 15:28:07,156 [WARN] DbBoards:127 - board STM32H743I-EVAL2 has no document id list !
2022-11-24 15:28:07,156 [WARN] DbBoards:127 - board STM32H747I-DISC1 has no document id list !
2022-11-24 15:28:07,156 [WARN] DbBoards:127 - board STM32H753I-EVAL2 has no document id list !
2022-11-24 15:28:07,156 [WARN] DbBoards:127 - board STM32L-DISCOVERY has no document id list !
2022-11-24 15:28:07,265 [ERROR] DbBoards:189 - Image file not found for board B-U585I-IOT02A: G:\Vi xu li\STM32CubeIDE_1.7.0\STM32CubeIDE\plugins\com.st.stm32cube.common.mx_6.3.0.202107141111\\db\/plugins/mcufinder/images/boards/B-U585I-IOT02A_small.jpg
2022-11-24 15:28:07,395 [ERROR] DbBoards:189 - Image file not found for board NUCLEO-F413ZH: G:\Vi xu li\STM32CubeIDE_1.7.0\STM32CubeIDE\plugins\com.st.stm32cube.common.mx_6.3.0.202107141111\\db\/plugins/mcufinder/images/boards/nucleo-f413zh_small.jpg
2022-11-24 15:28:07,685 [ERROR] DbBoards:189 - Image file not found for board NUCLEO-L552ZE-Q: G:\Vi xu li\STM32CubeIDE_1.7.0\STM32CubeIDE\plugins\com.st.stm32cube.common.mx_6.3.0.202107141111\\db\/plugins/mcufinder/images/boards/nucleo_l552ze_q_small.jpg
2022-11-24 15:28:07,685 [ERROR] DbBoards:189 - Image file not found for board NUCLEO-U575ZI-Q: G:\Vi xu li\STM32CubeIDE_1.7.0\STM32CubeIDE\plugins\com.st.stm32cube.common.mx_6.3.0.202107141111\\db\/plugins/mcufinder/images/boards/nucleo-u575zi-q_small.jpg
2022-11-24 15:28:07,685 [ERROR] DbBoards:189 - Image file not found for board NUCLEO-WB15CC: G:\Vi xu li\STM32CubeIDE_1.7.0\STM32CubeIDE\plugins\com.st.stm32cube.common.mx_6.3.0.202107141111\\db\/plugins/mcufinder/images/boards/nucleo-wb15cc_small.jpg
2022-11-24 15:28:07,685 [ERROR] DbBoards:189 - Image file not found for board NUCLEO-WB55RG: G:\Vi xu li\STM32CubeIDE_1.7.0\STM32CubeIDE\plugins\com.st.stm32cube.common.mx_6.3.0.202107141111\\db\/plugins/mcufinder/images/boards/nucleo-wb55rg_small.jpg
2022-11-24 15:28:08,817 [INFO] ApiDb:251 - Load user favorites file C:\Users\HELLO SON/.stm32cubeide/favorites.boards.txt: 0 item(s)
2022-11-24 15:28:08,817 [INFO] ApiDb:255 - User favorites Boards=[]
2022-11-24 15:28:08,817 [INFO] DbBoards:206 - Set 0 / 0 favorites Boards
2022-11-24 15:28:08,829 [INFO] LoadUrlFilesThread:172 - End of LoadServerUrlFiles without Thread
2022-11-24 15:28:08,829 [INFO] TargetSelectorAdapter:224 - Refresh data is successful
2022-11-24 15:28:09,033 [INFO] ApiDb:479 - Connected to CubeFinder SQLite database (C:\Users\HELLO SON\.stmcufinder\plugins\mcufinder\mcu\cube-finder-db.db)
2022-11-24 15:28:10,007 [INFO] DbExamplesSqlite:411 - Ignored 31 examples not supported by CubeIDE
2022-11-24 15:28:10,007 [INFO] DbExamplesSqlite:412 - Found 6197 examples active
2022-11-24 15:28:10,007 [INFO] DbExamplesSqlite:413 - Found 89 examples obsolete
2022-11-24 15:28:10,007 [INFO] DbExamplesSqlite:414 - Found 0 examples under development
2022-11-24 15:28:10,007 [INFO] DbExamplesSqlite:415 - Found 76 examples not building
2022-11-24 15:28:10,039 [INFO] DbExamplesSqlite:108 - CubeFinder database Data Model version=2.1
2022-11-24 15:28:10,039 [INFO] DbExamplesSqlite:109 - CubeFinder database Configuration version=3.0.32
2022-11-24 15:28:10,039 [INFO] DbExamplesSqlite:110 - CubeFinder database generation date=2022-08-05 (1659688109)
2022-11-24 15:28:10,039 [INFO] DbExamplesSqlite:111 - CubeFinder database FW Pack versions=[STM32Cube_FW_C0_V1.0.0, STM32Cube_FW_F4_V1.27.1, STM32Cube_FW_F7_V1.17.0, STM32Cube_FW_G0_V1.6.1, STM32Cube_FW_G4_V1.5.0, STM32Cube_FW_H7_V1.10.0, STM32Cube_FW_L5_V1.4.0, STM32Cube_FW_U5_V1.1.1, STM32Cube_FW_WB_V1.14.1, STM32Cube_FW_WL_V1.2.0, X-CUBE-ALGOBUILD_V1.3.0, X-CUBE-ALS_V1.0.1, X-CUBE-AZRTOS-F4_V1.1.0, X-CUBE-AZRTOS-F7_V1.1.0, X-CUBE-AZRTOS-G0_V1.1.0, X-CUBE-AZRTOS-G4_V1.0.0, X-CUBE-AZRTOS-H7_V2.1.0, X-CUBE-AZRTOS-L4_V1.0.0, X-CUBE-AZRTOS-L5_V1.0.0, X-CUBE-AZRTOS-WL_V1.0.0, X-CUBE-BLE1_V6.2.3, X-CUBE-BLE2_V3.3.0, X-CUBE-EEPRMA1_V3.1.1, X-CUBE-GNSS1_V6.0.0, X-CUBE-MEMS1_V9.1.0, X-CUBE-MEMS1_V9.3.0, X-CUBE-NFC4_V2.0.4, X-CUBE-NFC7_V1.0.0, X-CUBE-SFXS2LP1_V4.0.0, X-CUBE-SUBG2_V5.0.0]
2022-11-24 15:28:10,039 [INFO] DbExamples:130 - Found 6242 examples
2022-11-24 15:28:11,417 [ERROR] DbExamples:206 - Found 6242 examples with invalid data (board or MCU)
2022-11-24 15:28:11,417 [INFO] DbExamples:222 - Found 74 boards with related examples
2022-11-24 15:28:11,417 [INFO] DbExamples:235 - Found 0 MCUs with related examples
2022-11-24 15:28:11,444 [INFO] ApiDb:242 - User favorites file not found: C:\Users\HELLO SON/.stm32cubeide/favorites.examples.txt
2022-11-24 15:28:11,444 [INFO] DbExamples:256 - Set 0 / 0 favorites Examples
2022-11-24 15:28:12,154 [INFO] McuFinderGlobals:52 - Set McuFinderConnectedMode to false
2022-11-24 15:28:12,390 [INFO] CrossSelectorPresenter:1330 - Cross Selector saved comparison directory: C:\Users\HELLO SON\.stmcufinder\plugins\mcufinder\mcu\cs_comparisons_mx
2022-11-24 15:28:12,397 [INFO] MultiScanPanel:197 - Auto-refresh data requested => check proxy status ongoing
2022-11-24 15:28:12,397 [INFO] MultiScanPanel:201 - Proxy status is invalid
2022-11-24 15:28:12,404 [INFO] FinderPluginLoader:87 - Searching for filters in installed packs
2022-11-24 15:28:13,257 [INFO] DetailPanel:309 - Set advertising image to C:/Users/HELLO SON/STM32Cube/Repository/\en.Prom_NBSTM32U50921.jpg
2022-11-24 15:30:15,714 [INFO] MainUpdater:2671 - connection check result : 10
2022-11-24 15:30:15,715 [INFO] MainUpdater:2671 - connection check result : 10
2022-11-24 15:30:15,924 [INFO] MicroXplorer:448 - Change Database Path : 
2022-11-24 15:30:15,924 [INFO] MicroXplorer:478 - Change Database Version : DB.6.0.30
2022-11-24 15:30:15,925 [WARN] ThirdParty:813 - waiting for thirdparty lock release [close project]
2022-11-24 15:30:15,925 [INFO] ThirdParty:815 - entering critical section [close project]
2022-11-24 15:30:15,925 [INFO] ThirdParty:825 - exiting critical section [close project]
2022-11-24 15:30:15,934 [INFO] PinOutPanel:1463 - setPackage(No Configuration,No Configuration)
2022-11-24 15:30:15,935 [INFO] UtilMem:74 - Begin LoadConfig() Used Memory: 678499704 Bytes (1073741824)
2022-11-24 15:30:15,937 [INFO] MicroXplorer:448 - Change Database Path : 
2022-11-24 15:30:15,937 [INFO] MicroXplorer:478 - Change Database Version : DB.6.0.30
2022-11-24 15:30:15,941 [INFO] OpenFileManager:313 - Change cursor
2022-11-24 15:30:18,011 [INFO] Context:592 - Trying to add GPIOservice into a context  which must be forbidden
2022-11-24 15:30:18,403 [INFO] ImportTextPane:167 - (OptionalMessage_ERROR) Unable to find key (Mcu.ThirdPartyNb) in loaded IOC file
2022-11-24 15:30:18,403 [INFO] ImportTextPane:167 - (OptionalMessage_ERROR) Unable to find key (Mcu.PinsNb) in loaded IOC file
2022-11-24 15:30:18,403 [INFO] ImportTextPane:167 - (OptionalMessage_ERROR) Unable to find key (Mcu.IPNb) in loaded IOC file
2022-11-24 15:30:18,505 [WARN] ApiManager:304 - Cannot register API 'Board Extension:GNSS1A1' from pack STMicroelectronics.X-CUBE-GNSS1.6.0.0: no header file found
2022-11-24 15:30:18,505 [WARN] ApiManager:304 - Cannot register API 'Board Support:Custom' from pack STMicroelectronics.X-CUBE-GNSS1.6.0.0: no header file found
2022-11-24 15:30:18,505 [WARN] ApiManager:304 - Cannot register API 'Data Exchange:lib_gnss' from pack STMicroelectronics.X-CUBE-GNSS1.6.0.0: no header file found
2022-11-24 15:30:18,529 [WARN] ApiManager:304 - Cannot register API 'Wireless:BlueNRG-MS' from pack STMicroelectronics.X-CUBE-BLE1.6.2.3: no header file found
2022-11-24 15:30:18,537 [INFO] RtosManager:484 - Registered RTOS mode: class=CMSIS, group=RTOS, mode=CMSIS_V1, owner=FREERTOS
2022-11-24 15:30:18,537 [INFO] RtosManager:484 - Registered RTOS mode: class=CMSIS, group=RTOS2, mode=CMSIS_V2, owner=FREERTOS
2022-11-24 15:30:18,537 [INFO] RtosManager:484 - Registered RTOS mode: class=RTOS, group=Core, mode=CMSIS_V1, owner=FREERTOS
2022-11-24 15:30:18,537 [INFO] RtosManager:484 - Registered RTOS mode: class=RTOS, group=Core, mode=CMSIS_V2, owner=FREERTOS
2022-11-24 15:30:18,537 [WARN] ModelIntegratedComponent:181 - Missing modes for component STMicroelectronics:FreeRTOS:0.0.1:STMicroelectronics:RTOS:FreeRTOS:Core:::10.2.0:
2022-11-24 15:30:18,545 [WARN] ApiManager:304 - Cannot register API 'Board Extension:S2868A1' from pack STMicroelectronics.X-CUBE-SUBG2.5.0.0: no header file found
2022-11-24 15:30:18,545 [WARN] ApiManager:304 - Cannot register API 'Board Extension:S2868A2' from pack STMicroelectronics.X-CUBE-SUBG2.5.0.0: no header file found
2022-11-24 15:30:18,545 [WARN] ApiManager:304 - Cannot register API 'Board Extension:S2915A1' from pack STMicroelectronics.X-CUBE-SUBG2.5.0.0: no header file found
2022-11-24 15:30:18,562 [WARN] ApiManager:304 - Cannot register API 'Board Extension:NFC04A1' from pack STMicroelectronics.X-CUBE-NFC4.2.0.5: no header file found
2022-11-24 15:30:18,562 [WARN] ApiManager:304 - Cannot register API 'Board Extension:NFC04A1' from pack STMicroelectronics.X-CUBE-NFC4.2.0.4: no header file found
2022-11-24 15:30:18,574 [WARN] ModelIntegratedComponent:60 - No mode defined for component null
2022-11-24 15:30:18,575 [WARN] ModelIntegratedComponent:60 - No mode defined for component null
2022-11-24 15:30:18,575 [WARN] ModelIntegratedComponent:60 - No mode defined for component null
2022-11-24 15:30:18,575 [WARN] ModelIntegratedComponent:60 - No mode defined for component null
2022-11-24 15:30:18,575 [WARN] ModelIntegratedComponent:60 - No mode defined for component null
2022-11-24 15:30:18,575 [WARN] ModelIntegratedComponent:60 - No mode defined for component null
2022-11-24 15:30:18,575 [WARN] ModelIntegratedComponent:60 - No mode defined for component null
2022-11-24 15:30:18,575 [WARN] ModelIntegratedComponent:60 - No mode defined for component null
2022-11-24 15:30:18,575 [WARN] ModelIntegratedComponent:60 - No mode defined for component null
2022-11-24 15:30:18,575 [WARN] ModelIntegratedComponent:60 - No mode defined for component null
2022-11-24 15:30:18,575 [WARN] ModelIntegratedComponent:60 - No mode defined for component null
2022-11-24 15:30:18,575 [WARN] ModelIntegratedComponent:60 - No mode defined for component null
2022-11-24 15:30:18,575 [WARN] ModelIntegratedComponent:60 - No mode defined for component null
2022-11-24 15:30:18,575 [WARN] ModelIntegratedComponent:60 - No mode defined for component null
2022-11-24 15:30:18,575 [WARN] ModelIntegratedComponent:60 - No mode defined for component null
2022-11-24 15:30:18,575 [WARN] ModelIntegratedComponent:60 - No mode defined for component null
2022-11-24 15:30:18,575 [WARN] ModelIntegratedComponent:60 - No mode defined for component null
2022-11-24 15:30:18,575 [WARN] ModelIntegratedComponent:60 - No mode defined for component null
2022-11-24 15:30:18,578 [WARN] ModelIntegratedComponent:60 - No mode defined for component null
2022-11-24 15:30:18,578 [WARN] ModelIntegratedComponent:60 - No mode defined for component null
2022-11-24 15:30:18,578 [WARN] ModelIntegratedComponent:60 - No mode defined for component null
2022-11-24 15:30:18,578 [WARN] ModelIntegratedComponent:60 - No mode defined for component null
2022-11-24 15:30:18,578 [WARN] ModelIntegratedComponent:60 - No mode defined for component null
2022-11-24 15:30:18,578 [WARN] ModelIntegratedComponent:60 - No mode defined for component null
2022-11-24 15:30:18,578 [WARN] ModelIntegratedComponent:60 - No mode defined for component null
2022-11-24 15:30:18,578 [WARN] ModelIntegratedComponent:60 - No mode defined for component null
2022-11-24 15:30:18,578 [WARN] ModelIntegratedComponent:60 - No mode defined for component null
2022-11-24 15:30:18,578 [WARN] ModelIntegratedComponent:60 - No mode defined for component null
2022-11-24 15:30:18,578 [WARN] ModelIntegratedComponent:60 - No mode defined for component null
2022-11-24 15:30:18,578 [WARN] ModelIntegratedComponent:60 - No mode defined for component null
2022-11-24 15:30:18,578 [WARN] ModelIntegratedComponent:60 - No mode defined for component null
2022-11-24 15:30:18,578 [WARN] ApiManager:304 - Cannot register API 'Board Extension:NFC07A1' from pack STMicroelectronics.X-CUBE-NFC7.1.0.0: no header file found
2022-11-24 15:30:18,875 [WARN] ApiManager:304 - Cannot register API 'Board Extension:IKS01A3' from pack STMicroelectronics.X-CUBE-MEMS1.9.3.0: no header file found
2022-11-24 15:30:18,875 [WARN] ApiManager:304 - Cannot register API 'Board Extension:IKS01A2' from pack STMicroelectronics.X-CUBE-MEMS1.9.3.0: no header file found
2022-11-24 15:30:18,875 [WARN] ApiManager:304 - Cannot register API 'Board Extension:IKS02A1' from pack STMicroelectronics.X-CUBE-MEMS1.9.3.0: no header file found
2022-11-24 15:30:18,894 [WARN] ApiManager:304 - Cannot register API 'Board Extension:EEPRMA1' from pack STMicroelectronics.X-CUBE-EEPRMA1.3.1.1: no header file found
2022-11-24 15:30:18,895 [WARN] ApiManager:304 - Cannot register API 'Board Extension:EEPRMA2' from pack STMicroelectronics.X-CUBE-EEPRMA1.3.1.1: no header file found
2022-11-24 15:30:18,895 [WARN] ApiManager:304 - Cannot register API 'Board Extension:S2868A1' from pack STMicroelectronics.X-CUBE-SFXS2LP1.4.0.0: no header file found
2022-11-24 15:30:18,895 [WARN] ApiManager:304 - Cannot register API 'Board Extension:S2868A2' from pack STMicroelectronics.X-CUBE-SFXS2LP1.4.0.0: no header file found
2022-11-24 15:30:18,895 [WARN] ApiManager:304 - Cannot register API 'Board Extension:S2915A1' from pack STMicroelectronics.X-CUBE-SFXS2LP1.4.0.0: no header file found
2022-11-24 15:30:18,895 [WARN] ApiManager:304 - Cannot register API 'Wireless:BlueNRG-2' from pack STMicroelectronics.X-CUBE-BLE2.3.3.0: no header file found
2022-11-24 15:30:22,092 [INFO] UtilMem:74 - End LoadConfig() Used Memory: 830598952 Bytes (1073741824)
2022-11-24 15:30:22,163 [WARN] ThirdParty:779 - waiting for thirdparty lock release [change project]
2022-11-24 15:30:22,163 [INFO] ThirdParty:781 - entering critical section [change project]
2022-11-24 15:30:22,163 [INFO] ThirdParty:967 - CMSIS Pack Vendor :STMicroelectronics X-CUBE-ISPU 1.1.0
2022-11-24 15:30:22,163 [INFO] ThirdParty:967 - CMSIS Pack Vendor :RoweBots I-CUBE-UNISONRTOS 5.5.0-4
2022-11-24 15:30:22,163 [INFO] ThirdParty:967 - CMSIS Pack Vendor :STMicroelectronics X-CUBE-GNSS1 6.0.0
2022-11-24 15:30:22,163 [INFO] ThirdParty:967 - CMSIS Pack Vendor :STMicroelectronics X-CUBE-AZRTOS-H7 2.1.0
2022-11-24 15:30:22,163 [INFO] ThirdParty:967 - CMSIS Pack Vendor :STMicroelectronics USB_HOST 2.0.0
2022-11-24 15:30:22,163 [INFO] ThirdParty:967 - CMSIS Pack Vendor :STMicroelectronics X-CUBE-AZRTOS-F4 1.1.0
2022-11-24 15:30:22,163 [INFO] ThirdParty:967 - CMSIS Pack Vendor :STMicroelectronics USB_DEVICE 3.0.0
2022-11-24 15:30:22,163 [INFO] ThirdParty:967 - CMSIS Pack Vendor :STMicroelectronics X-CUBE-BLEMGR 1.0.0
2022-11-24 15:30:22,163 [INFO] ThirdParty:967 - CMSIS Pack Vendor :STMicroelectronics X-CUBE-BLEMGR 1.2.0
2022-11-24 15:30:22,163 [INFO] ThirdParty:967 - CMSIS Pack Vendor :STMicroelectronics X-CUBE-AZRTOS-F7 1.1.0
2022-11-24 15:30:22,163 [INFO] ThirdParty:967 - CMSIS Pack Vendor :STMicroelectronics USB_DEVICE 2.0.0
2022-11-24 15:30:22,163 [INFO] ThirdParty:967 - CMSIS Pack Vendor :STMicroelectronics X-CUBE-AI 7.3.0
2022-11-24 15:30:22,163 [INFO] ThirdParty:967 - CMSIS Pack Vendor :STMicroelectronics X-CUBE-BLE1 6.2.3
2022-11-24 15:30:22,163 [INFO] ThirdParty:967 - CMSIS Pack Vendor :STMicroelectronics X-CUBE-ALGOBUILD 1.3.0
2022-11-24 15:30:22,163 [INFO] ThirdParty:967 - CMSIS Pack Vendor :STMicroelectronics FreeRTOS 0.0.1
2022-11-24 15:30:22,163 [INFO] ThirdParty:967 - CMSIS Pack Vendor :STMicroelectronics X-CUBE-AZRTOS-G0 1.1.0
2022-11-24 15:30:22,163 [INFO] ThirdParty:967 - CMSIS Pack Vendor :STMicroelectronics X-CUBE-SUBG2 5.0.0
2022-11-24 15:30:22,163 [INFO] ThirdParty:967 - CMSIS Pack Vendor :SEGGER I-CUBE-embOS 1.2.0
2022-11-24 15:30:22,163 [INFO] ThirdParty:967 - CMSIS Pack Vendor :STMicroelectronics lwIP 2.0.3
2022-11-24 15:30:22,163 [INFO] ThirdParty:967 - CMSIS Pack Vendor :STMicroelectronics X-CUBE-NFC4 2.0.5
2022-11-24 15:30:22,163 [INFO] ThirdParty:967 - CMSIS Pack Vendor :STMicroelectronics X-CUBE-NFC4 2.0.4
2022-11-24 15:30:22,163 [INFO] ThirdParty:967 - CMSIS Pack Vendor :STMicroelectronics USB_HOST 1.0.0
2022-11-24 15:30:22,163 [INFO] ThirdParty:967 - CMSIS Pack Vendor :STMicroelectronics PDM2PCM 3.1.0
2022-11-24 15:30:22,163 [INFO] ThirdParty:967 - CMSIS Pack Vendor :STMicroelectronics FP-ATR-ASTRA1 1.1.1
2022-11-24 15:30:22,163 [INFO] ThirdParty:967 - CMSIS Pack Vendor :STMicroelectronics PDM2PCM 3.3.0
2022-11-24 15:30:22,163 [INFO] ThirdParty:967 - CMSIS Pack Vendor :STMicroelectronics X-CUBE-TOF1 3.1.0
2022-11-24 15:30:22,163 [INFO] ThirdParty:967 - CMSIS Pack Vendor :STMicroelectronics X-CUBE-AZRTOS-G4 1.0.0
2022-11-24 15:30:22,163 [INFO] ThirdParty:967 - CMSIS Pack Vendor :STMicroelectronics FP-ATR-SIGFOX1 3.2.0
2022-11-24 15:30:22,163 [INFO] ThirdParty:967 - CMSIS Pack Vendor :STMicroelectronics X-CUBE-AZRTOS-L4 1.0.0
2022-11-24 15:30:22,163 [INFO] ThirdParty:967 - CMSIS Pack Vendor :wolfSSL I-CUBE-wolfSSL 5.5.0
2022-11-24 15:30:22,163 [INFO] ThirdParty:967 - CMSIS Pack Vendor :STMicroelectronics HAL Drivers 0.0.0
2022-11-24 15:30:22,163 [INFO] ThirdParty:967 - CMSIS Pack Vendor :STMicroelectronics MBEDTLS 2.16.2
2022-11-24 15:30:22,163 [INFO] ThirdParty:967 - CMSIS Pack Vendor :emotas I-CUBE-CANOPEN 1.1.2
2022-11-24 15:30:22,163 [INFO] ThirdParty:967 - CMSIS Pack Vendor :STMicroelectronics X-CUBE-TOUCHGFX 4.20.0
2022-11-24 15:30:22,163 [INFO] ThirdParty:967 - CMSIS Pack Vendor :STMicroelectronics MBEDTLS 2.14.1
2022-11-24 15:30:22,163 [INFO] ThirdParty:967 - CMSIS Pack Vendor :STMicroelectronics X-CUBE-NFC7 1.0.0
2022-11-24 15:30:22,163 [INFO] ThirdParty:967 - CMSIS Pack Vendor :STMicroelectronics X-CUBE-AZRTOS-WL 1.0.0
2022-11-24 15:30:22,163 [INFO] ThirdParty:967 - CMSIS Pack Vendor :STMicroelectronics X-CUBE-MEMS1 9.3.0
2022-11-24 15:30:22,163 [INFO] ThirdParty:967 - CMSIS Pack Vendor :portGmbH I-Cube-SoM-uGOAL 1.1.0
2022-11-24 15:30:22,163 [INFO] ThirdParty:967 - CMSIS Pack Vendor :STMicroelectronics X-CUBE-ALS 1.0.1
2022-11-24 15:30:22,163 [INFO] ThirdParty:967 - CMSIS Pack Vendor :STMicroelectronics X-CUBE-AI 7.2.0
2022-11-24 15:30:22,163 [INFO] ThirdParty:967 - CMSIS Pack Vendor :STMicroelectronics X-CUBE-AZRTOS-L5 1.0.0
2022-11-24 15:30:22,163 [INFO] ThirdParty:967 - CMSIS Pack Vendor :STMicroelectronics USB_DEVICE 1.0.0
2022-11-24 15:30:22,163 [INFO] ThirdParty:967 - CMSIS Pack Vendor :STMicroelectronics X-CUBE-EEPRMA1 3.1.1
2022-11-24 15:30:22,163 [INFO] ThirdParty:967 - CMSIS Pack Vendor :STMicroelectronics ThreadX 0.0.2
2022-11-24 15:30:22,163 [INFO] ThirdParty:967 - CMSIS Pack Vendor :STMicroelectronics lwIP 2.1.2
2022-11-24 15:30:22,163 [INFO] ThirdParty:967 - CMSIS Pack Vendor :STMicroelectronics X-CUBE-SFXS2LP1 4.0.0
2022-11-24 15:30:22,163 [INFO] ThirdParty:967 - CMSIS Pack Vendor :STMicroelectronics X-CUBE-BLE2 3.3.0
2022-11-24 15:30:22,163 [INFO] ThirdParty:967 - CMSIS Pack Vendor :STMicroelectronics X-CUBE-DISPLAY 2.2.0
2022-11-24 15:30:22,163 [INFO] ThirdParty:967 - CMSIS Pack Vendor :STMicroelectronics X-CUBE-TOF1 3.2.0
2022-11-24 15:30:22,163 [INFO] ThirdParty:967 - CMSIS Pack Vendor :STMicroelectronics PDM2PCM 3.2.0
2022-11-24 15:30:22,163 [INFO] ThirdParty:967 - CMSIS Pack Vendor :STMicroelectronics X-CUBE-ISPU 1.0.0
2022-11-24 15:30:22,163 [INFO] ThirdParty:787 - exiting critical section [change project]
2022-11-24 15:30:22,683 [INFO] PinOutPanel:1463 - setPackage(No Configuration,No Configuration)
2022-11-24 15:30:22,691 [INFO] PinOutPanel:1463 - setPackage(STM32F103C6Ux,UFQFPN48)
2022-11-24 15:30:23,515 [INFO] UtilMem:74 - Before build in PCC Used Memory: 664789472 Bytes (1073741824)
2022-11-24 15:30:24,854 [INFO] UtilMem:74 - After build in PCC Used Memory: 743432696 Bytes (1073741824)
2022-11-24 15:30:24,884 [INFO] IPUIPlugin:74 - create IPUIPlugin
2022-11-24 15:30:24,884 [INFO] IPUIPlugin:74 - create IPUIPlugin
2022-11-24 15:30:24,884 [INFO] IPUIPlugin:74 - create IPUIPlugin
2022-11-24 15:30:24,884 [INFO] IPUIPlugin:74 - create IPUIPlugin
2022-11-24 15:30:24,884 [INFO] IPUIPlugin:74 - create IPUIPlugin
2022-11-24 15:30:24,884 [INFO] IPUIPlugin:74 - create IPUIPlugin
2022-11-24 15:30:24,884 [INFO] IPUIPlugin:74 - create IPUIPlugin
2022-11-24 15:30:24,884 [INFO] IPUIPlugin:74 - create IPUIPlugin
2022-11-24 15:30:24,884 [INFO] IPUIPlugin:74 - create IPUIPlugin
2022-11-24 15:30:24,884 [INFO] IPUIPlugin:74 - create IPUIPlugin
2022-11-24 15:30:24,884 [INFO] IPUIPlugin:74 - create IPUIPlugin
2022-11-24 15:30:24,884 [INFO] IPUIPlugin:74 - create IPUIPlugin
2022-11-24 15:30:24,884 [INFO] IPUIPlugin:74 - create IPUIPlugin
2022-11-24 15:30:24,893 [INFO] IPUIPlugin:74 - create IPUIPlugin
2022-11-24 15:30:24,893 [INFO] IPUIPlugin:74 - create IPUIPlugin
2022-11-24 15:30:24,894 [INFO] IPUIPlugin:74 - create IPUIPlugin
2022-11-24 15:30:24,895 [INFO] IPUIPlugin:74 - create IPUIPlugin
2022-11-24 15:30:24,895 [INFO] IPUIPlugin:74 - create IPUIPlugin
2022-11-24 15:30:24,895 [INFO] IPUIPlugin:74 - create IPUIPlugin
2022-11-24 15:30:24,895 [INFO] IPUIPlugin:74 - create IPUIPlugin
2022-11-24 15:30:24,895 [INFO] IPUIPlugin:74 - create IPUIPlugin
2022-11-24 15:30:24,895 [INFO] IPUIPlugin:74 - create IPUIPlugin
2022-11-24 15:30:24,895 [INFO] IPUIPlugin:74 - create IPUIPlugin
2022-11-24 15:30:25,192 [INFO] OpenFileManager:333 - Restore cursor
2022-11-24 15:30:25,776 [INFO] UtilMem:74 - End SaveConfig() Used Memory: 807395808 Bytes (1073741824)
2022-11-24 15:30:25,855 [INFO] UtilMem:74 - End SaveConfig() Used Memory: 819978720 Bytes (1073741824)
2022-11-24 15:30:26,316 [INFO] BlockDiagram:2740 - set Specific Code input for plugin: NVIC
2022-11-24 15:30:26,316 [INFO] BlockDiagram:2740 - set Specific Code input for plugin: SYS
2022-11-24 15:30:26,316 [INFO] BlockDiagram:2740 - set Specific Code input for plugin: RCC
2022-11-24 15:30:26,341 [INFO] CodeGenerator:663 - code generatio: config db path: G:\Vi xu li\STM32CubeIDE_1.7.0\STM32CubeIDE\plugins\com.st.stm32cube.common.mx_6.3.0.202107141111\\db\
2022-11-24 15:30:27,013 [INFO] CodeEngine:239 - oldGeneratedFile, G:\Vi xu li\Project\STM32LAB\Lab4\lab4\MXTmpFiles\license.tmp_save
2022-11-24 15:30:27,704 [INFO] CodeEngine:257 - Generated code: G:\Vi xu li\Project\STM32LAB\Lab4\lab4\MXTmpFiles\license.tmp
2022-11-24 15:30:28,046 [INFO] CodeEngine:239 - oldGeneratedFile, G:\Vi xu li\Project\STM32LAB\Lab4\lab4\Core\Src\stm32f1xx_it.c_save
2022-11-24 15:30:28,230 [INFO] CodeEngine:257 - Generated code: G:\Vi xu li\Project\STM32LAB\Lab4\lab4\Core\Src\stm32f1xx_it.c
2022-11-24 15:30:28,253 [INFO] CodeEngine:239 - oldGeneratedFile, G:\Vi xu li\Project\STM32LAB\Lab4\lab4\Core\Inc\stm32f1xx_it.h_save
2022-11-24 15:30:28,345 [INFO] CodeEngine:257 - Generated code: G:\Vi xu li\Project\STM32LAB\Lab4\lab4\Core\Inc\stm32f1xx_it.h
2022-11-24 15:30:28,386 [INFO] CodeEngine:239 - oldGeneratedFile, G:\Vi xu li\Project\STM32LAB\Lab4\lab4\Core\Src\stm32f1xx_hal_msp.c_save
2022-11-24 15:30:28,565 [INFO] CodeEngine:257 - Generated code: G:\Vi xu li\Project\STM32LAB\Lab4\lab4\Core\Src\stm32f1xx_hal_msp.c
2022-11-24 15:30:28,584 [INFO] CodeEngine:239 - oldGeneratedFile, G:\Vi xu li\Project\STM32LAB\Lab4\lab4\MXTmpFiles\system.tmp_save
2022-11-24 15:30:28,676 [INFO] CodeEngine:257 - Generated code: G:\Vi xu li\Project\STM32LAB\Lab4\lab4\MXTmpFiles\system.tmp
2022-11-24 15:30:28,703 [INFO] CodeEngine:239 - oldGeneratedFile, G:\Vi xu li\Project\STM32LAB\Lab4\lab4\Core\Inc\stm32f1xx_hal_conf.h_save
2022-11-24 15:30:28,803 [INFO] CodeEngine:257 - Generated code: G:\Vi xu li\Project\STM32LAB\Lab4\lab4\Core\Inc\stm32f1xx_hal_conf.h
2022-11-24 15:30:28,896 [INFO] CodeEngine:239 - oldGeneratedFile, G:\Vi xu li\Project\STM32LAB\Lab4\lab4\Core\Inc\main.h_save
2022-11-24 15:30:29,065 [INFO] CodeEngine:257 - Generated code: G:\Vi xu li\Project\STM32LAB\Lab4\lab4\Core\Inc\main.h
2022-11-24 15:30:29,077 [INFO] CodeEngine:239 - oldGeneratedFile, G:\Vi xu li\Project\STM32LAB\Lab4\lab4\Core\Src\main.c_save
2022-11-24 15:30:29,219 [INFO] CodeEngine:257 - Generated code: G:\Vi xu li\Project\STM32LAB\Lab4\lab4\Core\Src\main.c
2022-11-24 15:30:31,051 [INFO] ProjectBuilder:2578 - Time for Copy HAL[1] : 486mS.
2022-11-24 15:30:31,060 [INFO] ProjectBuilder:3622 - Project Generator version: 3.14.1
2022-11-24 15:30:31,854 [INFO] ConfigFileManager:1271 - The Die is : DIE412
2022-11-24 15:30:31,956 [INFO] ApiDbMcu:468 - Load IP Config File for FATFS
2022-11-24 15:30:32,044 [INFO] ApiDbMcu:468 - Load IP Config File for FREERTOS
2022-11-24 15:30:32,125 [INFO] ApiDbMcu:468 - Load IP Config File for USB_DEVICE
2022-11-24 15:30:45,785 [INFO] ProjectBuilder:3789 - Time for Generating toolchain IDE Files: 14725mS.
2022-11-24 15:30:45,787 [INFO] ProjectBuilder:2457 - Time for Copy CMSIS : 2mS.
2022-11-24 15:30:45,787 [INFO] ProjectBuilder:2457 - Time for Copy CMSIS : 0mS.
2022-11-24 15:30:46,775 [INFO] McuFinderGlobals:52 - Set McuFinderConnectedMode to true
2022-11-24 15:30:46,777 [INFO] ApiDb:276 - Save user favorites file C:\Users\HELLO SON/.stm32cubeide/favorites.mcus.txt: 0 item(s)
2022-11-24 15:30:46,777 [INFO] ApiDb:280 - User favorites MCUs=[]
2022-11-24 15:31:06,894 [INFO] NvicIntPanel:96 - NVIC parent = com.st.microxplorer.plugins.ip.nvic.MultiNvicIntPanel[,0,0,450x186,layout=javax.swing.BoxLayout,alignmentX=0.0,alignmentY=0.0,border=,flags=9,maximumSize=,minimumSize=,preferredSize=]
2022-11-24 15:31:09,028 [INFO] NvicIntPanel:96 - NVIC parent = com.st.microxplorer.plugins.ip.nvic.MultiNvicIntPanel[,0,0,0x0,invalid,layout=javax.swing.BoxLayout,alignmentX=0.0,alignmentY=0.0,border=,flags=9,maximumSize=,minimumSize=,preferredSize=]
2022-11-24 15:32:41,371 [INFO] UtilMem:74 - End SaveConfig() Used Memory: 691647248 Bytes (1073741824)
2022-11-24 15:32:42,986 [INFO] UtilMem:74 - End SaveConfig() Used Memory: 712639384 Bytes (1073741824)
2022-11-24 15:32:47,566 [INFO] UtilMem:74 - End SaveConfig() Used Memory: 683704888 Bytes (1073741824)
2022-11-24 15:32:48,250 [INFO] BlockDiagram:2740 - set Specific Code input for plugin: NVIC
2022-11-24 15:32:48,250 [INFO] BlockDiagram:2740 - set Specific Code input for plugin: SYS
2022-11-24 15:32:48,250 [INFO] BlockDiagram:2740 - set Specific Code input for plugin: GPIO
2022-11-24 15:32:48,250 [INFO] BlockDiagram:2740 - set Specific Code input for plugin: RCC
2022-11-24 15:32:48,250 [INFO] BlockDiagram:2740 - set Specific Code input for plugin: TIM1_8F1
2022-11-24 15:32:48,250 [INFO] CodeGenerator:663 - code generatio: config db path: G:\Vi xu li\STM32CubeIDE_1.7.0\STM32CubeIDE\plugins\com.st.stm32cube.common.mx_6.3.0.202107141111\\db\
2022-11-24 15:32:48,730 [INFO] CodeEngine:239 - oldGeneratedFile, G:\Vi xu li\Project\STM32LAB\Lab4\lab4\MXTmpFiles\license.tmp_save
2022-11-24 15:32:48,838 [INFO] CodeEngine:257 - Generated code: G:\Vi xu li\Project\STM32LAB\Lab4\lab4\MXTmpFiles\license.tmp
2022-11-24 15:32:49,030 [INFO] CodeEngine:239 - oldGeneratedFile, G:\Vi xu li\Project\STM32LAB\Lab4\lab4\MXTmpFiles\gpio.tmp_save
2022-11-24 15:32:49,142 [INFO] CodeEngine:257 - Generated code: G:\Vi xu li\Project\STM32LAB\Lab4\lab4\MXTmpFiles\gpio.tmp
2022-11-24 15:32:49,599 [INFO] CodeEngine:239 - oldGeneratedFile, G:\Vi xu li\Project\STM32LAB\Lab4\lab4\Core\Src\stm32f1xx_it.c_save
2022-11-24 15:32:49,798 [INFO] CodeEngine:257 - Generated code: G:\Vi xu li\Project\STM32LAB\Lab4\lab4\Core\Src\stm32f1xx_it.c
2022-11-24 15:32:49,798 [INFO] CodeEngine:239 - oldGeneratedFile, G:\Vi xu li\Project\STM32LAB\Lab4\lab4\Core\Inc\stm32f1xx_it.h_save
2022-11-24 15:32:49,897 [INFO] CodeEngine:257 - Generated code: G:\Vi xu li\Project\STM32LAB\Lab4\lab4\Core\Inc\stm32f1xx_it.h
2022-11-24 15:32:49,919 [INFO] CodeEngine:239 - oldGeneratedFile, G:\Vi xu li\Project\STM32LAB\Lab4\lab4\Core\Src\stm32f1xx_hal_msp.c_save
2022-11-24 15:32:50,060 [INFO] CodeEngine:257 - Generated code: G:\Vi xu li\Project\STM32LAB\Lab4\lab4\Core\Src\stm32f1xx_hal_msp.c
2022-11-24 15:32:50,060 [INFO] CodeEngine:239 - oldGeneratedFile, G:\Vi xu li\Project\STM32LAB\Lab4\lab4\MXTmpFiles\system.tmp_save
2022-11-24 15:32:50,130 [INFO] CodeEngine:257 - Generated code: G:\Vi xu li\Project\STM32LAB\Lab4\lab4\MXTmpFiles\system.tmp
2022-11-24 15:32:50,151 [INFO] CodeEngine:239 - oldGeneratedFile, G:\Vi xu li\Project\STM32LAB\Lab4\lab4\Core\Inc\stm32f1xx_hal_conf.h_save
2022-11-24 15:32:50,258 [INFO] CodeEngine:257 - Generated code: G:\Vi xu li\Project\STM32LAB\Lab4\lab4\Core\Inc\stm32f1xx_hal_conf.h
2022-11-24 15:32:50,280 [WARN] IPConfigManager:3148 - IP not found : TIM
2022-11-24 15:32:50,280 [WARN] CodeGenerator:3268 - IP not found : null
2022-11-24 15:32:50,290 [INFO] CodeEngine:239 - oldGeneratedFile, G:\Vi xu li\Project\STM32LAB\Lab4\lab4\Core\Inc\main.h_save
2022-11-24 15:32:50,394 [INFO] CodeEngine:257 - Generated code: G:\Vi xu li\Project\STM32LAB\Lab4\lab4\Core\Inc\main.h
2022-11-24 15:32:50,410 [INFO] CodeEngine:239 - oldGeneratedFile, G:\Vi xu li\Project\STM32LAB\Lab4\lab4\Core\Src\main.c_save
2022-11-24 15:32:50,609 [INFO] CodeEngine:257 - Generated code: G:\Vi xu li\Project\STM32LAB\Lab4\lab4\Core\Src\main.c
2022-11-24 15:32:52,158 [INFO] ProjectBuilder:2578 - Time for Copy HAL[1] : 202mS.
2022-11-24 15:32:52,169 [INFO] ProjectBuilder:3622 - Project Generator version: 3.14.1
2022-11-24 15:32:52,808 [INFO] ConfigFileManager:1271 - The Die is : DIE412
2022-11-24 15:32:56,153 [INFO] ProjectBuilder:3789 - Time for Generating toolchain IDE Files: 3984mS.
2022-11-24 15:32:56,153 [INFO] ProjectBuilder:2457 - Time for Copy CMSIS : 0mS.
2022-11-24 15:32:56,153 [INFO] ProjectBuilder:2457 - Time for Copy CMSIS : 0mS.
2022-11-24 16:38:55,928 [INFO] NvicIntPanel:96 - NVIC parent = com.st.microxplorer.plugins.ip.nvic.MultiNvicIntPanel[,0,0,461x194,layout=javax.swing.BoxLayout,alignmentX=0.0,alignmentY=0.0,border=,flags=9,maximumSize=,minimumSize=,preferredSize=]
