2022-11-28 14:57:51,023 [INFO] Activator:177 - 


2022-11-28 14:57:51,023 [INFO] Activator:178 - !SESSION log4j initialized
2022-11-28 14:58:32,131 [INFO] McuFinderGlobals:39 - Set McuFinder mode to 2 (CubeIDE integrated)
2022-11-28 14:58:33,791 [INFO] ApplicationProperties:181 - Using Application install path: G:\Vi xu li\STM32CubeIDE_1.7.0\STM32CubeIDE\plugins\com.st.stm32cube.common.mx_6.3.0.202107141111
2022-11-28 14:58:33,861 [INFO] DbMcusXml:74 - Set database path to: G:\Vi xu li\STM32CubeIDE_1.7.0\STM32CubeIDE\plugins\com.st.stm32cube.common.mx_6.3.0.202107141111\\db\/mcu/
2022-11-28 14:58:33,871 [INFO] DbBoardsPdsc:56 - Set plugin database path to: G:\Vi xu li\STM32CubeIDE_1.7.0\STM32CubeIDE\plugins\com.st.stm32cube.common.mx_6.3.0.202107141111\\db\/plugins/boardmanager/
2022-11-28 14:58:33,871 [INFO] DbMcus:258 - Set plugin images path to: G:\Vi xu li\STM32CubeIDE_1.7.0\STM32CubeIDE\plugins\com.st.stm32cube.common.mx_6.3.0.202107141111\\db\/plugins/mcufinder/images/
2022-11-28 14:58:33,871 [INFO] DbBoards:264 - Set plugin images path to: G:\Vi xu li\STM32CubeIDE_1.7.0\STM32CubeIDE\plugins\com.st.stm32cube.common.mx_6.3.0.202107141111\\db\/plugins/mcufinder/images/
2022-11-28 14:58:33,921 [INFO] DbExamples:333 - Set plugin images path to: G:\Vi xu li\STM32CubeIDE_1.7.0\STM32CubeIDE\plugins\com.st.stm32cube.common.mx_6.3.0.202107141111\\db\/plugins/mcufinder/images/
2022-11-28 14:58:34,051 [INFO] DbMcusAds:119 - Set database path to: C:\Users\HELLO SON\.stmcufinder\plugins\mcufinder//mcu/
2022-11-28 14:58:34,051 [INFO] DbMcusDocs:110 - Set database path to: C:\Users\HELLO SON\.stmcufinder\plugins\mcufinder//mcu/
2022-11-28 14:58:34,061 [INFO] DbMcusJson:64 - Set database path to: C:\Users\HELLO SON\.stmcufinder\plugins\mcufinder//mcu/
2022-11-28 14:58:34,061 [INFO] DbBoardsDocs:110 - Set database path to: C:\Users\HELLO SON\.stmcufinder\plugins\mcufinder//mcu/
2022-11-28 14:58:34,061 [INFO] DbBoardsJson:57 - Set database path to: C:\Users\HELLO SON\.stmcufinder\plugins\mcufinder//mcu/
2022-11-28 14:58:34,171 [INFO] CrossReferenceDbSqlite:196 - Set database path to: C:\Users\HELLO SON\.stmcufinder\plugins\mcufinder//mcu/cs/
2022-11-28 14:58:34,181 [INFO] DbExamplesSqlite:767 - Set database path to: C:\Users\HELLO SON\.stmcufinder\plugins\mcufinder//mcu/
2022-11-28 14:58:34,551 [INFO] RulesReader:57 - Compatibility file has been processed (242 Rules)
2022-11-28 14:58:34,881 [INFO] DbMcusXml:74 - Set database path to: G:\Vi xu li\STM32CubeIDE_1.7.0\STM32CubeIDE\plugins\com.st.stm32cube.common.mx_6.3.0.202107141111\\db\/mcu/
2022-11-28 14:58:34,881 [INFO] DbBoardsPdsc:56 - Set plugin database path to: G:\Vi xu li\STM32CubeIDE_1.7.0\STM32CubeIDE\plugins\com.st.stm32cube.common.mx_6.3.0.202107141111\\db\/plugins/boardmanager/
2022-11-28 14:58:34,881 [INFO] DbMcus:258 - Set plugin images path to: G:\Vi xu li\STM32CubeIDE_1.7.0\STM32CubeIDE\plugins\com.st.stm32cube.common.mx_6.3.0.202107141111\\db\/plugins/mcufinder/images/
2022-11-28 14:58:34,881 [INFO] DbBoards:264 - Set plugin images path to: G:\Vi xu li\STM32CubeIDE_1.7.0\STM32CubeIDE\plugins\com.st.stm32cube.common.mx_6.3.0.202107141111\\db\/plugins/mcufinder/images/
2022-11-28 14:58:34,881 [INFO] DbExamples:333 - Set plugin images path to: G:\Vi xu li\STM32CubeIDE_1.7.0\STM32CubeIDE\plugins\com.st.stm32cube.common.mx_6.3.0.202107141111\\db\/plugins/mcufinder/images/
2022-11-28 14:58:34,881 [WARN] DbFile:35 - Overriding database path with different value: C:\Users\HELLO SON\.stmcufinder\plugins\mcufinder/ => C:\Users\HELLO SON\.stmcufinder\plugins\mcufinder
2022-11-28 14:58:34,881 [INFO] DbMcusAds:119 - Set database path to: C:\Users\HELLO SON\.stmcufinder\plugins\mcufinder//mcu/
2022-11-28 14:58:34,881 [WARN] DbFile:35 - Overriding database path with different value: C:\Users\HELLO SON\.stmcufinder\plugins\mcufinder/ => C:\Users\HELLO SON\.stmcufinder\plugins\mcufinder
2022-11-28 14:58:34,881 [INFO] DbMcusDocs:110 - Set database path to: C:\Users\HELLO SON\.stmcufinder\plugins\mcufinder//mcu/
2022-11-28 14:58:34,881 [WARN] DbFile:35 - Overriding database path with different value: C:\Users\HELLO SON\.stmcufinder\plugins\mcufinder/ => C:\Users\HELLO SON\.stmcufinder\plugins\mcufinder
2022-11-28 14:58:34,881 [INFO] DbMcusJson:64 - Set database path to: C:\Users\HELLO SON\.stmcufinder\plugins\mcufinder//mcu/
2022-11-28 14:58:34,881 [WARN] DbFile:35 - Overriding database path with different value: C:\Users\HELLO SON\.stmcufinder\plugins\mcufinder/ => C:\Users\HELLO SON\.stmcufinder\plugins\mcufinder
2022-11-28 14:58:34,881 [INFO] DbBoardsDocs:110 - Set database path to: C:\Users\HELLO SON\.stmcufinder\plugins\mcufinder//mcu/
2022-11-28 14:58:34,881 [WARN] DbFile:35 - Overriding database path with different value: C:\Users\HELLO SON\.stmcufinder\plugins\mcufinder/ => C:\Users\HELLO SON\.stmcufinder\plugins\mcufinder
2022-11-28 14:58:34,881 [INFO] DbBoardsJson:57 - Set database path to: C:\Users\HELLO SON\.stmcufinder\plugins\mcufinder//mcu/
2022-11-28 14:58:34,881 [WARN] DbFile:35 - Overriding database path with different value: C:\Users\HELLO SON\.stmcufinder\plugins\mcufinder/ => C:\Users\HELLO SON\.stmcufinder\plugins\mcufinder
2022-11-28 14:58:34,881 [WARN] DbFile:35 - Overriding database path with different value: C:\Users\HELLO SON\.stmcufinder\plugins\mcufinder/ => C:\Users\HELLO SON\.stmcufinder\plugins\mcufinder
2022-11-28 14:58:34,881 [INFO] CrossReferenceDbSqlite:196 - Set database path to: C:\Users\HELLO SON\.stmcufinder\plugins\mcufinder//mcu/cs/
2022-11-28 14:58:34,881 [WARN] DbFile:35 - Overriding database path with different value: C:\Users\HELLO SON\.stmcufinder\plugins\mcufinder/ => C:\Users\HELLO SON\.stmcufinder\plugins\mcufinder
2022-11-28 14:58:34,881 [INFO] DbExamplesSqlite:767 - Set database path to: C:\Users\HELLO SON\.stmcufinder\plugins\mcufinder//mcu/
2022-11-28 14:58:35,061 [INFO] MainPanel:214 - HeapMemory: 268435456
2022-11-28 14:58:35,311 [INFO] DbMcusXml:74 - Set database path to: G:\Vi xu li\STM32CubeIDE_1.7.0\STM32CubeIDE\plugins\com.st.stm32cube.common.mx_6.3.0.202107141111\\db\/mcu/
2022-11-28 14:58:35,311 [INFO] DbBoardsPdsc:56 - Set plugin database path to: G:\Vi xu li\STM32CubeIDE_1.7.0\STM32CubeIDE\plugins\com.st.stm32cube.common.mx_6.3.0.202107141111\\db\/plugins/boardmanager/
2022-11-28 14:58:35,311 [INFO] DbMcus:258 - Set plugin images path to: G:\Vi xu li\STM32CubeIDE_1.7.0\STM32CubeIDE\plugins\com.st.stm32cube.common.mx_6.3.0.202107141111\\db\/plugins/mcufinder/images/
2022-11-28 14:58:35,311 [INFO] DbBoards:264 - Set plugin images path to: G:\Vi xu li\STM32CubeIDE_1.7.0\STM32CubeIDE\plugins\com.st.stm32cube.common.mx_6.3.0.202107141111\\db\/plugins/mcufinder/images/
2022-11-28 14:58:35,311 [INFO] DbExamples:333 - Set plugin images path to: G:\Vi xu li\STM32CubeIDE_1.7.0\STM32CubeIDE\plugins\com.st.stm32cube.common.mx_6.3.0.202107141111\\db\/plugins/mcufinder/images/
2022-11-28 14:58:35,311 [WARN] DbFile:35 - Overriding database path with different value: C:\Users\HELLO SON\.stmcufinder\plugins\mcufinder/ => C:\Users\HELLO SON\.stmcufinder\plugins\mcufinder
2022-11-28 14:58:35,311 [INFO] DbMcusAds:119 - Set database path to: C:\Users\HELLO SON\.stmcufinder\plugins\mcufinder//mcu/
2022-11-28 14:58:35,311 [WARN] DbFile:35 - Overriding database path with different value: C:\Users\HELLO SON\.stmcufinder\plugins\mcufinder/ => C:\Users\HELLO SON\.stmcufinder\plugins\mcufinder
2022-11-28 14:58:35,311 [INFO] DbMcusDocs:110 - Set database path to: C:\Users\HELLO SON\.stmcufinder\plugins\mcufinder//mcu/
2022-11-28 14:58:35,311 [WARN] DbFile:35 - Overriding database path with different value: C:\Users\HELLO SON\.stmcufinder\plugins\mcufinder/ => C:\Users\HELLO SON\.stmcufinder\plugins\mcufinder
2022-11-28 14:58:35,311 [INFO] DbMcusJson:64 - Set database path to: C:\Users\HELLO SON\.stmcufinder\plugins\mcufinder//mcu/
2022-11-28 14:58:35,311 [WARN] DbFile:35 - Overriding database path with different value: C:\Users\HELLO SON\.stmcufinder\plugins\mcufinder/ => C:\Users\HELLO SON\.stmcufinder\plugins\mcufinder
2022-11-28 14:58:35,311 [INFO] DbBoardsDocs:110 - Set database path to: C:\Users\HELLO SON\.stmcufinder\plugins\mcufinder//mcu/
2022-11-28 14:58:35,311 [WARN] DbFile:35 - Overriding database path with different value: C:\Users\HELLO SON\.stmcufinder\plugins\mcufinder/ => C:\Users\HELLO SON\.stmcufinder\plugins\mcufinder
2022-11-28 14:58:35,311 [INFO] DbBoardsJson:57 - Set database path to: C:\Users\HELLO SON\.stmcufinder\plugins\mcufinder//mcu/
2022-11-28 14:58:35,311 [WARN] DbFile:35 - Overriding database path with different value: C:\Users\HELLO SON\.stmcufinder\plugins\mcufinder/ => C:\Users\HELLO SON\.stmcufinder\plugins\mcufinder
2022-11-28 14:58:35,311 [WARN] DbFile:35 - Overriding database path with different value: C:\Users\HELLO SON\.stmcufinder\plugins\mcufinder/ => C:\Users\HELLO SON\.stmcufinder\plugins\mcufinder
2022-11-28 14:58:35,311 [INFO] CrossReferenceDbSqlite:196 - Set database path to: C:\Users\HELLO SON\.stmcufinder\plugins\mcufinder//mcu/cs/
2022-11-28 14:58:35,311 [WARN] DbFile:35 - Overriding database path with different value: C:\Users\HELLO SON\.stmcufinder\plugins\mcufinder/ => C:\Users\HELLO SON\.stmcufinder\plugins\mcufinder
2022-11-28 14:58:35,311 [INFO] DbExamplesSqlite:767 - Set database path to: C:\Users\HELLO SON\.stmcufinder\plugins\mcufinder//mcu/
2022-11-28 14:58:35,351 [INFO] ApplicationProperties:181 - Using Application install path: G:\Vi xu li\STM32CubeIDE_1.7.0\STM32CubeIDE\plugins\com.st.stm32cube.common.mx_6.3.0.202107141111
2022-11-28 14:58:35,351 [INFO] PluginManage:188 - Search for loadable plugins [exclusion list=, ]
2022-11-28 14:58:35,351 [INFO] PluginManage:302 - Check plugin analytics
2022-11-28 14:58:40,334 [INFO] AnalyticsPlugin:257 - Accepted Software Licenses: 
2022-11-28 14:58:40,334 [INFO] AnalyticsPlugin:259 - Accepted CMSIS Pack Licenses: 
2022-11-28 14:58:40,334 [INFO] AnalyticsPlugin:261 - Accepted Firmware Licenses: 
2022-11-28 14:58:40,334 [INFO] PluginManage:352 - Loaded plugin analytics (category:tool,tabindex:-1)
2022-11-28 14:58:40,334 [INFO] PluginManage:302 - Check plugin clock
2022-11-28 14:58:40,416 [INFO] PluginManage:352 - Loaded plugin clock (category:base,tabindex:2)
2022-11-28 14:58:40,416 [INFO] PluginManage:302 - Check plugin ddr
2022-11-28 14:58:40,491 [INFO] PluginManage:352 - Loaded plugin ddr (category:tool,tabindex:6)
2022-11-28 14:58:40,491 [INFO] PluginManage:302 - Check plugin filemanager
2022-11-28 14:58:41,121 [INFO] PluginManage:352 - Loaded plugin filemanager (category:base,tabindex:10)
2022-11-28 14:58:41,121 [INFO] PluginManage:302 - Check plugin ipmanager
2022-11-28 14:58:41,171 [INFO] PluginManage:352 - Loaded plugin ipmanager (category:base,tabindex:5)
2022-11-28 14:58:41,171 [INFO] PluginManage:302 - Check plugin pinoutandconfiguration
2022-11-28 14:58:41,201 [INFO] PluginManage:352 - Loaded plugin pinoutandconfiguration (category:base,tabindex:1)
2022-11-28 14:58:41,201 [INFO] PluginManage:302 - Check plugin pinoutconfig
2022-11-28 14:58:41,311 [INFO] PluginManage:352 - Loaded plugin pinoutconfig (category:base,tabindex:0)
2022-11-28 14:58:41,311 [INFO] PluginManage:302 - Check plugin power
2022-11-28 14:58:41,411 [INFO] PluginManage:352 - Loaded plugin power (category:power,tabindex:4)
2022-11-28 14:58:41,411 [INFO] PluginManage:302 - Check plugin projectmanager
2022-11-28 14:58:41,441 [INFO] PluginManage:352 - Loaded plugin projectmanager (category:projectmanager,tabindex:3)
2022-11-28 14:58:41,441 [INFO] PluginManage:302 - Check plugin thirdparty
2022-11-28 14:58:42,041 [WARN] IntegrityCheckThread:78 - waiting for thirdparty lock release [integrity check]
2022-11-28 14:58:42,041 [INFO] PluginManage:352 - Loaded plugin thirdparty (category:base,tabindex:-1)
2022-11-28 14:58:42,041 [INFO] IntegrityCheckThread:80 - entering critical section [integrity check]
2022-11-28 14:58:42,041 [INFO] PluginManage:302 - Check plugin tools
2022-11-28 14:58:42,041 [INFO] ThirdPartyUpdaterWithRetryManager:66 - Updater plugin not ready yet. [1/15]
2022-11-28 14:58:42,125 [INFO] PluginManage:352 - Loaded plugin tools (category:base,tabindex:7)
2022-11-28 14:58:42,125 [INFO] PluginManage:302 - Check plugin tutovideos
2022-11-28 14:58:43,116 [INFO] PluginManage:352 - Loaded plugin tutovideos (category:base,tabindex:-1)
2022-11-28 14:58:43,116 [INFO] PluginManage:302 - Check plugin updater
2022-11-28 14:58:43,196 [INFO] PluginManage:352 - Loaded plugin updater (category:base,tabindex:12)
2022-11-28 14:58:43,196 [INFO] PluginManage:275 - PluginManage : Loaded plugins [13]
2022-11-28 14:58:43,771 [INFO] PinOutPanel:1463 - setPackage(No Configuration,No Configuration)
2022-11-28 14:58:44,031 [INFO] IPUIPlugin:74 - create IPUIPlugin
2022-11-28 14:58:44,031 [INFO] PluginManager:213 - loadIPPluginJar : add adc
2022-11-28 14:58:44,121 [INFO] IPUIPlugin:74 - create IPUIPlugin
2022-11-28 14:58:44,121 [INFO] PluginManager:213 - loadIPPluginJar : add aes
2022-11-28 14:58:44,191 [INFO] IPUIPlugin:74 - create IPUIPlugin
2022-11-28 14:58:44,191 [INFO] PluginManager:213 - loadIPPluginJar : add can
2022-11-28 14:58:44,231 [INFO] IPUIPlugin:74 - create IPUIPlugin
2022-11-28 14:58:44,231 [INFO] PluginManager:213 - loadIPPluginJar : add comp
2022-11-28 14:58:44,271 [INFO] IPUIPlugin:74 - create IPUIPlugin
2022-11-28 14:58:44,271 [INFO] PluginManager:213 - loadIPPluginJar : add cryp
2022-11-28 14:58:44,316 [INFO] IPUIPlugin:74 - create IPUIPlugin
2022-11-28 14:58:44,319 [INFO] PluginManager:213 - loadIPPluginJar : add dfsdm
2022-11-28 14:58:44,341 [INFO] IPUIPlugin:74 - create IPUIPlugin
2022-11-28 14:58:44,341 [INFO] PluginManager:213 - loadIPPluginJar : add dma
2022-11-28 14:58:44,401 [INFO] IPUIPlugin:74 - create IPUIPlugin
2022-11-28 14:58:44,401 [INFO] PluginManager:213 - loadIPPluginJar : add dma3
2022-11-28 14:58:44,431 [INFO] IPUIPlugin:74 - create IPUIPlugin
2022-11-28 14:58:44,431 [INFO] PluginManager:213 - loadIPPluginJar : add fatfs
2022-11-28 14:58:44,511 [INFO] IPUIPlugin:74 - create IPUIPlugin
2022-11-28 14:58:44,511 [INFO] PluginManager:213 - loadIPPluginJar : add fmc
2022-11-28 14:58:44,561 [INFO] IPUIPlugin:74 - create IPUIPlugin
2022-11-28 14:58:44,561 [INFO] PluginManager:213 - loadIPPluginJar : add freertos
2022-11-28 14:58:44,596 [INFO] IPUIPlugin:74 - create IPUIPlugin
2022-11-28 14:58:44,596 [INFO] PluginManager:213 - loadIPPluginJar : add genericplugin
2022-11-28 14:58:44,701 [INFO] IPUIPlugin:74 - create IPUIPlugin
2022-11-28 14:58:44,701 [INFO] PluginManager:213 - loadIPPluginJar : add gfxmmu
2022-11-28 14:58:44,841 [INFO] IPUIPlugin:74 - create IPUIPlugin
2022-11-28 14:58:44,841 [INFO] PluginManager:213 - loadIPPluginJar : add gic
2022-11-28 14:58:44,861 [INFO] IPUIPlugin:74 - create IPUIPlugin
2022-11-28 14:58:44,861 [INFO] PluginManager:213 - loadIPPluginJar : add gpio
2022-11-28 14:58:44,951 [INFO] IPUIPlugin:74 - create IPUIPlugin
2022-11-28 14:58:44,951 [INFO] PluginManager:213 - loadIPPluginJar : add gtzc
2022-11-28 14:58:44,991 [INFO] IPUIPlugin:74 - create IPUIPlugin
2022-11-28 14:58:44,991 [INFO] PluginManager:213 - loadIPPluginJar : add hash
2022-11-28 14:58:45,049 [INFO] ThirdPartyUpdaterWithRetryManager:66 - Updater plugin not ready yet. [2/15]
2022-11-28 14:58:45,051 [INFO] IPUIPlugin:74 - create IPUIPlugin
2022-11-28 14:58:45,051 [INFO] PluginManager:213 - loadIPPluginJar : add i2c
2022-11-28 14:58:45,101 [INFO] IPUIPlugin:74 - create IPUIPlugin
2022-11-28 14:58:45,101 [INFO] PluginManager:213 - loadIPPluginJar : add i2s
2022-11-28 14:58:45,111 [INFO] IPUIPlugin:74 - create IPUIPlugin
2022-11-28 14:58:45,111 [INFO] PluginManager:213 - loadIPPluginJar : add ipddr
2022-11-28 14:58:45,216 [INFO] IPUIPlugin:74 - create IPUIPlugin
2022-11-28 14:58:45,216 [INFO] PluginManager:213 - loadIPPluginJar : add linkedlist
2022-11-28 14:58:45,259 [INFO] IPUIPlugin:74 - create IPUIPlugin
2022-11-28 14:58:45,259 [INFO] PluginManager:213 - loadIPPluginJar : add lorawan
2022-11-28 14:58:45,308 [INFO] IPUIPlugin:74 - create IPUIPlugin
2022-11-28 14:58:45,308 [INFO] PluginManager:213 - loadIPPluginJar : add ltdc
2022-11-28 14:58:45,321 [INFO] IPUIPlugin:74 - create IPUIPlugin
2022-11-28 14:58:45,321 [INFO] PluginManager:213 - loadIPPluginJar : add mdma
2022-11-28 14:58:45,331 [INFO] IPUIPlugin:74 - create IPUIPlugin
2022-11-28 14:58:45,331 [INFO] PluginManager:213 - loadIPPluginJar : add nvic
2022-11-28 14:58:45,381 [INFO] IPUIPlugin:74 - create IPUIPlugin
2022-11-28 14:58:45,381 [INFO] PluginManager:213 - loadIPPluginJar : add opamp
2022-11-28 14:58:45,451 [INFO] IPUIPlugin:74 - create IPUIPlugin
2022-11-28 14:58:45,451 [INFO] PluginManager:213 - loadIPPluginJar : add openamp
2022-11-28 14:58:45,501 [INFO] IPUIPlugin:74 - create IPUIPlugin
2022-11-28 14:58:45,501 [INFO] PluginManager:213 - loadIPPluginJar : add pdm2pcm
2022-11-28 14:58:45,521 [INFO] IPUIPlugin:74 - create IPUIPlugin
2022-11-28 14:58:45,521 [INFO] PluginManager:213 - loadIPPluginJar : add plateformsettings
2022-11-28 14:58:45,555 [INFO] IPUIPlugin:74 - create IPUIPlugin
2022-11-28 14:58:45,555 [INFO] PluginManager:213 - loadIPPluginJar : add quadspi
2022-11-28 14:58:45,601 [INFO] IPUIPlugin:74 - create IPUIPlugin
2022-11-28 14:58:45,601 [INFO] PluginManager:213 - loadIPPluginJar : add resmgrutility
2022-11-28 14:58:45,661 [INFO] IPUIPlugin:74 - create IPUIPlugin
2022-11-28 14:58:45,661 [INFO] PluginManager:213 - loadIPPluginJar : add sai
2022-11-28 14:58:45,707 [INFO] IPUIPlugin:74 - create IPUIPlugin
2022-11-28 14:58:45,707 [INFO] PluginManager:213 - loadIPPluginJar : add spi
2022-11-28 14:58:45,771 [INFO] IPUIPlugin:74 - create IPUIPlugin
2022-11-28 14:58:45,771 [INFO] PluginManager:213 - loadIPPluginJar : add stm32_wpan
2022-11-28 14:58:45,801 [INFO] IPUIPlugin:74 - create IPUIPlugin
2022-11-28 14:58:45,801 [INFO] PluginManager:213 - loadIPPluginJar : add tim
2022-11-28 14:58:45,871 [INFO] IPUIPlugin:74 - create IPUIPlugin
2022-11-28 14:58:45,871 [INFO] PluginManager:213 - loadIPPluginJar : add touchsensing
2022-11-28 14:58:45,907 [INFO] IPUIPlugin:74 - create IPUIPlugin
2022-11-28 14:58:45,907 [INFO] PluginManager:213 - loadIPPluginJar : add tracer_emb
2022-11-28 14:58:45,941 [INFO] IPUIPlugin:74 - create IPUIPlugin
2022-11-28 14:58:45,941 [INFO] PluginManager:213 - loadIPPluginJar : add ts
2022-11-28 14:58:45,971 [INFO] IPUIPlugin:74 - create IPUIPlugin
2022-11-28 14:58:45,971 [INFO] PluginManager:213 - loadIPPluginJar : add tsc
2022-11-28 14:58:46,012 [INFO] IPUIPlugin:74 - create IPUIPlugin
2022-11-28 14:58:46,012 [INFO] PluginManager:213 - loadIPPluginJar : add ucpd
2022-11-28 14:58:46,071 [INFO] IPUIPlugin:74 - create IPUIPlugin
2022-11-28 14:58:46,071 [INFO] PluginManager:213 - loadIPPluginJar : add usart
2022-11-28 14:58:46,131 [INFO] IPUIPlugin:74 - create IPUIPlugin
2022-11-28 14:58:46,131 [INFO] PluginManager:213 - loadIPPluginJar : add usbx
2022-11-28 14:58:46,761 [FATAL] Updater:294 - Updater called before beeing initialized
2022-11-28 14:58:47,051 [FATAL] Updater:294 - Updater called before beeing initialized
2022-11-28 14:58:47,061 [INFO] DbMcusAds:47 - JSON generation date=Thu Sep 30 13:56:37 ICT 2021 (1632984997303)
2022-11-28 14:58:47,061 [FATAL] Updater:294 - Updater called before beeing initialized
2022-11-28 14:58:47,343 [WARN] DetailPanel:314 - Failed to get advertising image, set to default
2022-11-28 14:58:47,481 [FATAL] Updater:294 - Updater called before beeing initialized
2022-11-28 14:58:47,481 [FATAL] Updater:294 - Updater called before beeing initialized
2022-11-28 14:58:47,481 [FATAL] Updater:294 - Updater called before beeing initialized
2022-11-28 14:58:47,481 [WARN] DetailPanel:314 - Failed to get advertising image, set to default
2022-11-28 14:58:47,481 [FATAL] Updater:294 - Updater called before beeing initialized
2022-11-28 14:58:47,595 [ERROR] Updater:1075 - MainUpdater not yet initialized. External WinMGr cannot be set.
2022-11-28 14:58:47,621 [INFO] Updater:1012 - Updater Version found : 6.3.0
2022-11-28 14:58:47,671 [INFO] ApplicationProperties:181 - Using Application install path: G:\Vi xu li\STM32CubeIDE_1.7.0\STM32CubeIDE\plugins\com.st.stm32cube.common.mx_6.3.0.202107141111
2022-11-28 14:58:48,051 [INFO] ThirdPartyUpdaterWithRetryManager:66 - Updater plugin not ready yet. [3/15]
2022-11-28 14:58:48,371 [INFO] MainUpdater:2671 - connection check result : 10
2022-11-28 14:58:48,381 [INFO] MainUpdater:265 - Updater Check For Update Now.
2022-11-28 14:58:48,381 [INFO] MicroXplorer:478 - Change Database Version : DB.6.0.30
2022-11-28 14:58:48,611 [INFO] CheckServerUpdateThread:112 - End of CheckServer Thread
2022-11-28 14:58:48,691 [INFO] MainUpdater:2671 - connection check result : 10
2022-11-28 14:58:48,751 [INFO] McuFinderGlobals:52 - Set McuFinderConnectedMode to true
2022-11-28 14:58:49,301 [INFO] ServerAccessManage:362 - Download File mcusAds.json._tmp_
2022-11-28 14:58:49,443 [INFO] LoadUrlFilesThread:145 - End of LoadUrlFiles Thread
2022-11-28 14:58:50,471 [INFO] ServerAccessManage:362 - Download File mcusDocs.json._tmp_
2022-11-28 14:58:51,061 [WARN] MainUpdater:1122 - Updater busy. Cannot search thirdparties
2022-11-28 14:58:51,061 [INFO] ThirdPartyUpdaterWithRetryManager:92 - Updater plugin is busy. [1/15]
2022-11-28 14:58:51,467 [INFO] LoadUrlFilesThread:145 - End of LoadUrlFiles Thread
2022-11-28 14:58:51,781 [INFO] ServerAccessManage:362 - Download File mcusFeaturesAndDescription.json._tmp_
2022-11-28 14:58:54,061 [WARN] MainUpdater:1122 - Updater busy. Cannot search thirdparties
2022-11-28 14:58:54,061 [INFO] ThirdPartyUpdaterWithRetryManager:92 - Updater plugin is busy. [2/15]
2022-11-28 14:58:55,055 [INFO] LoadUrlFilesThread:145 - End of LoadUrlFiles Thread
2022-11-28 14:58:55,361 [INFO] ServerAccessManage:362 - Download File boardsDocs.json._tmp_
2022-11-28 14:58:55,533 [INFO] LoadUrlFilesThread:145 - End of LoadUrlFiles Thread
2022-11-28 14:58:55,881 [INFO] ServerAccessManage:362 - Download File boards.json._tmp_
2022-11-28 14:58:56,337 [INFO] LoadUrlFilesThread:145 - End of LoadUrlFiles Thread
2022-11-28 14:58:56,591 [INFO] ServerAccessManage:362 - Download File cube-finder-db.zip
2022-11-28 14:58:57,071 [WARN] MainUpdater:1122 - Updater busy. Cannot search thirdparties
2022-11-28 14:58:57,071 [INFO] ThirdPartyUpdaterWithRetryManager:92 - Updater plugin is busy. [3/15]
2022-11-28 14:59:00,071 [WARN] MainUpdater:1122 - Updater busy. Cannot search thirdparties
2022-11-28 14:59:00,071 [INFO] ThirdPartyUpdaterWithRetryManager:92 - Updater plugin is busy. [4/15]
2022-11-28 14:59:03,081 [WARN] MainUpdater:1122 - Updater busy. Cannot search thirdparties
2022-11-28 14:59:03,081 [INFO] ThirdPartyUpdaterWithRetryManager:92 - Updater plugin is busy. [5/15]
2022-11-28 14:59:03,551 [INFO] FileExtend:235 - Unzip File : cube-finder-db.zip
2022-11-28 14:59:03,551 [INFO] FileExtend:250 - Standard Zip Deflate
2022-11-28 14:59:05,035 [INFO] LoadUrlFilesThread:145 - End of LoadUrlFiles Thread
2022-11-28 14:59:06,082 [WARN] MainUpdater:1122 - Updater busy. Cannot search thirdparties
2022-11-28 14:59:06,082 [INFO] ThirdPartyUpdaterWithRetryManager:92 - Updater plugin is busy. [6/15]
2022-11-28 14:59:06,545 [INFO] ServerAccessManage:362 - Download File crdb.zip
2022-11-28 14:59:08,145 [INFO] FileExtend:235 - Unzip File : crdb.zip
2022-11-28 14:59:08,151 [INFO] FileExtend:250 - Standard Zip Deflate
2022-11-28 14:59:08,295 [INFO] LoadUrlFilesThread:145 - End of LoadUrlFiles Thread
2022-11-28 14:59:08,401 [INFO] ServerAccessManage:362 - Download File tutoVideoDB.zip
2022-11-28 14:59:08,471 [INFO] FileExtend:235 - Unzip File : tutoVideoDB.zip
2022-11-28 14:59:08,471 [INFO] FileExtend:250 - Standard Zip Deflate
2022-11-28 14:59:08,601 [INFO] LoadUrlFilesThread:145 - End of LoadUrlFiles Thread
2022-11-28 14:59:08,601 [INFO] DbMcusAds:47 - JSON generation date=Thu Sep 30 13:55:09 ICT 2021 (1632984909230)
2022-11-28 14:59:08,643 [INFO] DbMcusDocs:143 - JSON generation date=Tue Nov 16 23:17:54 ICT 2021 (1637079474)
2022-11-28 14:59:08,689 [INFO] DbMcusXml:100 - Load MCU database from G:\Vi xu li\STM32CubeIDE_1.7.0\STM32CubeIDE\plugins\com.st.stm32cube.common.mx_6.3.0.202107141111\\db\/mcu/families.xml
2022-11-28 14:59:09,541 [WARN] PackLoader:238 - Cannot read IP mode file for STMicroelectronics.X-CUBE-GNSS1.6.0.0
2022-11-28 14:59:09,670 [WARN] PackLoader:238 - Cannot read IP mode file for STMicroelectronics.X-CUBE-AZRTOS-F4.1.1.0
2022-11-28 14:59:09,747 [WARN] PackLoader:238 - Cannot read IP mode file for STMicroelectronics.X-CUBE-BLEMGR.1.2.0
2022-11-28 14:59:09,930 [WARN] PackLoader:238 - Cannot read IP mode file for STMicroelectronics.X-CUBE-AZRTOS-F7.1.1.0
2022-11-28 14:59:09,971 [WARN] PackLoader:238 - Cannot read IP mode file for STMicroelectronics.X-CUBE-BLE1.6.2.3
2022-11-28 14:59:10,021 [WARN] PackLoader:238 - Cannot read IP mode file for STMicroelectronics.X-CUBE-NFC4.2.0.5
2022-11-28 14:59:10,055 [WARN] PackLoader:238 - Cannot read IP mode file for STMicroelectronics.X-CUBE-NFC4.2.0.4
2022-11-28 14:59:10,121 [WARN] PackLoader:238 - Cannot read IP mode file for STMicroelectronics.X-CUBE-TOF1.3.1.0
2022-11-28 14:59:10,151 [WARN] PackLoader:238 - Cannot read IP mode file for wolfSSL.I-CUBE-wolfSSL.5.5.0
2022-11-28 14:59:10,181 [WARN] PackLoader:238 - Cannot read IP mode file for STMicroelectronics.X-CUBE-NFC7.1.0.0
2022-11-28 14:59:10,490 [WARN] PackLoader:238 - Cannot read IP mode file for STMicroelectronics.X-CUBE-MEMS1.9.3.0
2022-11-28 14:59:11,223 [WARN] PackLoader:238 - Cannot read IP mode file for STMicroelectronics.X-CUBE-AI.7.2.0
2022-11-28 14:59:11,281 [WARN] PackLoader:238 - Cannot read IP mode file for STMicroelectronics.X-CUBE-SFXS2LP1.4.0.0
2022-11-28 14:59:11,303 [WARN] PackLoader:238 - Cannot read IP mode file for STMicroelectronics.X-CUBE-BLE2.3.3.0
2022-11-28 14:59:11,338 [WARN] PackLoader:238 - Cannot read IP mode file for STMicroelectronics.X-CUBE-DISPLAY.2.2.0
2022-11-28 14:59:11,437 [WARN] PackLoader:238 - Cannot read IP mode file for STMicroelectronics.X-CUBE-TOF1.3.2.0
2022-11-28 14:59:11,471 [WARN] PackLoader:238 - Cannot read IP mode file for STMicroelectronics.X-CUBE-ISPU.1.0.0
2022-11-28 14:59:11,491 [WARN] PackLoader:238 - Cannot read IP mode file for STMicroelectronics.X-CUBE-ISPU.1.1.0
2022-11-28 14:59:11,520 [WARN] PackLoader:238 - Cannot read IP mode file for RoweBots.I-CUBE-UNISONRTOS.5.5.0-4
2022-11-28 14:59:11,571 [INFO] DbMcusJson:93 - JSON generation date=Tue Nov 16 23:17:54 ICT 2021 (1637079474)
2022-11-28 14:59:11,583 [WARN] PackLoader:238 - Cannot read IP mode file for STMicroelectronics.X-CUBE-AZRTOS-H7.2.1.0
2022-11-28 14:59:11,601 [WARN] PackLoader:238 - Cannot read IP mode file for STMicroelectronics.X-CUBE-BLEMGR.1.0.0
2022-11-28 14:59:11,620 [WARN] PackLoader:238 - Cannot read IP mode file for STMicroelectronics.X-CUBE-AI.7.3.0
2022-11-28 14:59:11,641 [WARN] PackLoader:238 - Cannot read IP mode file for STMicroelectronics.X-CUBE-ALGOBUILD.1.3.0
2022-11-28 14:59:11,714 [WARN] PackLoader:238 - Cannot read IP mode file for STMicroelectronics.X-CUBE-AZRTOS-G0.1.1.0
2022-11-28 14:59:11,763 [WARN] PackLoader:238 - Cannot read IP mode file for STMicroelectronics.X-CUBE-SUBG2.5.0.0
2022-11-28 14:59:11,931 [WARN] PackLoader:238 - Cannot read IP mode file for SEGGER.I-CUBE-embOS.1.2.0
2022-11-28 14:59:12,155 [WARN] PackLoader:238 - Cannot read IP mode file for STMicroelectronics.FP-ATR-ASTRA1.1.1.1
2022-11-28 14:59:12,220 [WARN] PackLoader:238 - Cannot read IP mode file for STMicroelectronics.X-CUBE-AZRTOS-G4.1.0.0
2022-11-28 14:59:12,245 [WARN] PackLoader:238 - Cannot read IP mode file for STMicroelectronics.FP-ATR-SIGFOX1.3.2.0
2022-11-28 14:59:12,331 [WARN] PackLoader:238 - Cannot read IP mode file for STMicroelectronics.X-CUBE-AZRTOS-L4.1.0.0
2022-11-28 14:59:12,371 [WARN] PackLoader:238 - Cannot read IP mode file for emotas.I-CUBE-CANOPEN.1.1.2
2022-11-28 14:59:12,403 [WARN] PackLoader:238 - Cannot read IP mode file for STMicroelectronics.X-CUBE-TOUCHGFX.4.20.0
2022-11-28 14:59:12,511 [WARN] PackLoader:238 - Cannot read IP mode file for STMicroelectronics.X-CUBE-AZRTOS-WL.1.0.0
2022-11-28 14:59:12,540 [WARN] PackLoader:238 - Cannot read IP mode file for portGmbH.I-Cube-SoM-uGOAL.1.1.0
2022-11-28 14:59:12,561 [WARN] PackLoader:238 - Cannot read IP mode file for STMicroelectronics.X-CUBE-ALS.1.0.1
2022-11-28 14:59:12,623 [WARN] PackLoader:238 - Cannot read IP mode file for STMicroelectronics.X-CUBE-AZRTOS-L5.1.0.0
2022-11-28 14:59:12,651 [WARN] PackLoader:238 - Cannot read IP mode file for STMicroelectronics.X-CUBE-EEPRMA1.3.1.1
2022-11-28 14:59:12,655 [INFO] ThirdParty:915 - Integrity check success = true
2022-11-28 14:59:12,655 [INFO] IntegrityCheckThread:94 - exiting critical section [integrity check]
2022-11-28 14:59:12,655 [INFO] IntegrityCheckThread:97 - End integrity checks thread
2022-11-28 14:59:13,481 [INFO] DbMcus:175 - Found 1951 MCUs (1903 are supported by CubeMX, 1914 are visible in CubeMX)
2022-11-28 14:59:13,487 [INFO] ApiDb:251 - Load user favorites file C:\Users\HELLO SON/.stm32cubeide/favorites.mcus.txt: 0 item(s)
2022-11-28 14:59:13,487 [INFO] ApiDb:255 - User favorites MCUs=[]
2022-11-28 14:59:13,487 [INFO] DbMcus:187 - Set 0 / 0 favorites MCUs
2022-11-28 14:59:14,596 [INFO] DbMcusDocs:79 - Found 682 MCUs documents
2022-11-28 14:59:14,597 [INFO] ApiDb:276 - Save user favorites file C:\Users\HELLO SON/.stm32cubeide/favorites.mcus.txt: 0 item(s)
2022-11-28 14:59:14,601 [INFO] ApiDb:280 - User favorites MCUs=[]
2022-11-28 14:59:14,601 [INFO] DbMcusXml:100 - Load MCU database from G:\Vi xu li\STM32CubeIDE_1.7.0\STM32CubeIDE\plugins\com.st.stm32cube.common.mx_6.3.0.202107141111\\db\/mcu/families.xml
2022-11-28 14:59:16,113 [INFO] DbMcusJson:93 - JSON generation date=Tue Nov 16 23:17:54 ICT 2021 (1637079474)
2022-11-28 14:59:17,321 [INFO] DbMcus:175 - Found 1951 MCUs (1903 are supported by CubeMX, 1914 are visible in CubeMX)
2022-11-28 14:59:17,321 [INFO] ApiDb:251 - Load user favorites file C:\Users\HELLO SON/.stm32cubeide/favorites.mcus.txt: 0 item(s)
2022-11-28 14:59:17,321 [INFO] ApiDb:255 - User favorites MCUs=[]
2022-11-28 14:59:17,321 [INFO] DbMcus:187 - Set 0 / 0 favorites MCUs
2022-11-28 14:59:17,331 [INFO] DbBoardsDocs:143 - JSON generation date=Tue Nov 16 23:17:54 ICT 2021 (1637079474)
2022-11-28 14:59:17,441 [INFO] DbBoardsPdsc:90 - Found 25 items
2022-11-28 14:59:17,461 [INFO] DbBoardsPdsc:90 - Found 9 items
2022-11-28 14:59:17,501 [INFO] DbBoardsPdsc:90 - Found 33 items
2022-11-28 14:59:17,521 [INFO] DbBoardsPdsc:90 - Found 1 items
2022-11-28 14:59:17,561 [INFO] DbBoardsPdsc:90 - Found 48 items
2022-11-28 14:59:17,601 [INFO] DbBoardsPdsc:90 - Found 43 items
2022-11-28 14:59:17,620 [INFO] DbBoardsPdsc:90 - Found 2 items
2022-11-28 14:59:17,650 [INFO] DbBoardsPdsc:90 - Found 5 items
2022-11-28 14:59:17,661 [WARN] DbBoardsPdsc:254 - Board STM32H7B3I-DK: unknown feature type=Audio, name=, username=Audio stereo codec with Headphone Amp (CS42L51-CNZ), n=1
2022-11-28 14:59:17,661 [WARN] DbBoardsPdsc:254 - Board STM32H735G-DK: unknown feature type=Audio, name=, username=Audio stereo codec with Headphone Amp (WM8994ECS/R), n=1
2022-11-28 14:59:17,661 [WARN] DbBoardsPdsc:254 - Board STM32H7B3I-EVAL: unknown feature type=Audio, name=, username=Multi-Channel Audio Codec (CS42L51-CNZ), n=1
2022-11-28 14:59:17,661 [WARN] DbBoardsPdsc:254 - Board STM32H7B3I-EVAL: unknown feature type=Meter, name=, username=Power-metering and Temperature-monitoring with sigma-delta modulators, n=1
2022-11-28 14:59:17,661 [WARN] DbBoardsPdsc:254 - Board STM32H7B3I-EVAL: unknown feature type=Motor, name=, username=Motor Control, n=1
2022-11-28 14:59:17,666 [WARN] DbBoardsPdsc:254 - Board STM32U575I-EV: unknown feature type=joystick, name=, username=4-direction joystick with selection button, n=1
2022-11-28 14:59:17,731 [INFO] DbBoardsJson:86 - JSON generation date=Tue Nov 16 23:17:54 ICT 2021 (1637079474)
2022-11-28 14:59:17,745 [INFO] DbBoards:117 - Found 167 boards (163 are supported by CubeMX)
2022-11-28 14:59:17,750 [INFO] DbBoardsDocs:143 - JSON generation date=Tue Nov 16 23:17:54 ICT 2021 (1637079474)
2022-11-28 14:59:17,750 [INFO] DbBoardsDocs:79 - Found 209 boards documents
2022-11-28 14:59:17,761 [WARN] DbBoards:127 - board B-L475E-IOT01A2 has no document id list !
2022-11-28 14:59:17,761 [WARN] DbBoards:127 - board NUCLEO-H743ZI has no document id list !
2022-11-28 14:59:17,766 [WARN] DbBoards:127 - board NUCLEO-WL55JC2 has no document id list !
2022-11-28 14:59:17,766 [WARN] DbBoards:127 - board P-NUCLEO-WB55-Nucleo has no document id list !
2022-11-28 14:59:17,766 [WARN] DbBoards:127 - board P-NUCLEO-WB55-USBDongle has no document id list !
2022-11-28 14:59:17,766 [WARN] DbBoards:127 - board STEVAL-BFA001V1B has no document id list !
2022-11-28 14:59:17,766 [WARN] DbBoards:127 - board STEVAL-BFA001V2B has no document id list !
2022-11-28 14:59:17,766 [WARN] DbBoards:127 - board STEVAL-IDP005V1 has no document id list !
2022-11-28 14:59:17,766 [WARN] DbBoards:127 - board STEVAL-IDP005V2 has no document id list !
2022-11-28 14:59:17,766 [WARN] DbBoards:127 - board STEVAL-MKSBOX1V1 has no document id list !
2022-11-28 14:59:17,766 [WARN] DbBoards:127 - board STEVAL-STWINKT1 has no document id list !
2022-11-28 14:59:17,766 [WARN] DbBoards:127 - board STEVAL-STWINKT1B has no document id list !
2022-11-28 14:59:17,766 [WARN] DbBoards:127 - board STM32439I-EVAL2 has no document id list !
2022-11-28 14:59:17,766 [WARN] DbBoards:127 - board STM32F401C-DISCO has no document id list !
2022-11-28 14:59:17,766 [WARN] DbBoards:127 - board STM32F769I-DISC1 has no document id list !
2022-11-28 14:59:17,769 [WARN] DbBoards:127 - board STM32G474E-EVAL1 has no document id list !
2022-11-28 14:59:17,769 [WARN] DbBoards:127 - board STM32H743I-EVAL2 has no document id list !
2022-11-28 14:59:17,769 [WARN] DbBoards:127 - board STM32H747I-DISC1 has no document id list !
2022-11-28 14:59:17,769 [WARN] DbBoards:127 - board STM32H753I-EVAL2 has no document id list !
2022-11-28 14:59:17,769 [WARN] DbBoards:127 - board STM32L-DISCOVERY has no document id list !
2022-11-28 14:59:18,198 [ERROR] DbBoards:189 - Image file not found for board B-U585I-IOT02A: G:\Vi xu li\STM32CubeIDE_1.7.0\STM32CubeIDE\plugins\com.st.stm32cube.common.mx_6.3.0.202107141111\\db\/plugins/mcufinder/images/boards/B-U585I-IOT02A_small.jpg
2022-11-28 14:59:18,511 [ERROR] DbBoards:189 - Image file not found for board NUCLEO-F413ZH: G:\Vi xu li\STM32CubeIDE_1.7.0\STM32CubeIDE\plugins\com.st.stm32cube.common.mx_6.3.0.202107141111\\db\/plugins/mcufinder/images/boards/nucleo-f413zh_small.jpg
2022-11-28 14:59:18,880 [ERROR] DbBoards:189 - Image file not found for board NUCLEO-L552ZE-Q: G:\Vi xu li\STM32CubeIDE_1.7.0\STM32CubeIDE\plugins\com.st.stm32cube.common.mx_6.3.0.202107141111\\db\/plugins/mcufinder/images/boards/nucleo_l552ze_q_small.jpg
2022-11-28 14:59:18,880 [ERROR] DbBoards:189 - Image file not found for board NUCLEO-U575ZI-Q: G:\Vi xu li\STM32CubeIDE_1.7.0\STM32CubeIDE\plugins\com.st.stm32cube.common.mx_6.3.0.202107141111\\db\/plugins/mcufinder/images/boards/nucleo-u575zi-q_small.jpg
2022-11-28 14:59:18,880 [ERROR] DbBoards:189 - Image file not found for board NUCLEO-WB15CC: G:\Vi xu li\STM32CubeIDE_1.7.0\STM32CubeIDE\plugins\com.st.stm32cube.common.mx_6.3.0.202107141111\\db\/plugins/mcufinder/images/boards/nucleo-wb15cc_small.jpg
2022-11-28 14:59:18,880 [ERROR] DbBoards:189 - Image file not found for board NUCLEO-WB55RG: G:\Vi xu li\STM32CubeIDE_1.7.0\STM32CubeIDE\plugins\com.st.stm32cube.common.mx_6.3.0.202107141111\\db\/plugins/mcufinder/images/boards/nucleo-wb55rg_small.jpg
2022-11-28 14:59:22,521 [INFO] ApiDb:251 - Load user favorites file C:\Users\HELLO SON/.stm32cubeide/favorites.boards.txt: 0 item(s)
2022-11-28 14:59:22,521 [INFO] ApiDb:255 - User favorites Boards=[]
2022-11-28 14:59:22,521 [INFO] DbBoards:206 - Set 0 / 0 favorites Boards
2022-11-28 14:59:22,521 [INFO] DbBoardsDocs:79 - Found 418 boards documents
2022-11-28 14:59:22,521 [INFO] ApiDb:276 - Save user favorites file C:\Users\HELLO SON/.stm32cubeide/favorites.boards.txt: 0 item(s)
2022-11-28 14:59:22,521 [INFO] ApiDb:280 - User favorites Boards=[]
2022-11-28 14:59:22,531 [INFO] DbBoardsPdsc:90 - Found 25 items
2022-11-28 14:59:22,531 [INFO] DbBoardsPdsc:90 - Found 9 items
2022-11-28 14:59:22,531 [INFO] DbBoardsPdsc:90 - Found 33 items
2022-11-28 14:59:22,540 [INFO] DbBoardsPdsc:90 - Found 1 items
2022-11-28 14:59:22,549 [INFO] DbBoardsPdsc:90 - Found 48 items
2022-11-28 14:59:22,551 [INFO] DbBoardsPdsc:90 - Found 43 items
2022-11-28 14:59:22,561 [INFO] DbBoardsPdsc:90 - Found 2 items
2022-11-28 14:59:22,561 [INFO] DbBoardsPdsc:90 - Found 5 items
2022-11-28 14:59:22,561 [WARN] DbBoardsPdsc:254 - Board STM32H7B3I-DK: unknown feature type=Audio, name=, username=Audio stereo codec with Headphone Amp (CS42L51-CNZ), n=1
2022-11-28 14:59:22,561 [WARN] DbBoardsPdsc:254 - Board STM32H735G-DK: unknown feature type=Audio, name=, username=Audio stereo codec with Headphone Amp (WM8994ECS/R), n=1
2022-11-28 14:59:22,561 [WARN] DbBoardsPdsc:254 - Board STM32H7B3I-EVAL: unknown feature type=Audio, name=, username=Multi-Channel Audio Codec (CS42L51-CNZ), n=1
2022-11-28 14:59:22,561 [WARN] DbBoardsPdsc:254 - Board STM32H7B3I-EVAL: unknown feature type=Meter, name=, username=Power-metering and Temperature-monitoring with sigma-delta modulators, n=1
2022-11-28 14:59:22,561 [WARN] DbBoardsPdsc:254 - Board STM32H7B3I-EVAL: unknown feature type=Motor, name=, username=Motor Control, n=1
2022-11-28 14:59:22,561 [WARN] DbBoardsPdsc:254 - Board STM32U575I-EV: unknown feature type=joystick, name=, username=4-direction joystick with selection button, n=1
2022-11-28 14:59:22,600 [INFO] DbBoardsJson:86 - JSON generation date=Tue Nov 16 23:17:54 ICT 2021 (1637079474)
2022-11-28 14:59:22,608 [INFO] DbBoards:117 - Found 167 boards (163 are supported by CubeMX)
2022-11-28 14:59:22,608 [WARN] DbBoards:127 - board B-L475E-IOT01A2 has no document id list !
2022-11-28 14:59:22,610 [WARN] DbBoards:127 - board NUCLEO-H743ZI has no document id list !
2022-11-28 14:59:22,610 [WARN] DbBoards:127 - board NUCLEO-WL55JC2 has no document id list !
2022-11-28 14:59:22,610 [WARN] DbBoards:127 - board P-NUCLEO-WB55-Nucleo has no document id list !
2022-11-28 14:59:22,610 [WARN] DbBoards:127 - board P-NUCLEO-WB55-USBDongle has no document id list !
2022-11-28 14:59:22,610 [WARN] DbBoards:127 - board STEVAL-BFA001V1B has no document id list !
2022-11-28 14:59:22,610 [WARN] DbBoards:127 - board STEVAL-BFA001V2B has no document id list !
2022-11-28 14:59:22,610 [WARN] DbBoards:127 - board STEVAL-IDP005V1 has no document id list !
2022-11-28 14:59:22,610 [WARN] DbBoards:127 - board STEVAL-IDP005V2 has no document id list !
2022-11-28 14:59:22,610 [WARN] DbBoards:127 - board STEVAL-MKSBOX1V1 has no document id list !
2022-11-28 14:59:22,610 [WARN] DbBoards:127 - board STEVAL-STWINKT1 has no document id list !
2022-11-28 14:59:22,610 [WARN] DbBoards:127 - board STEVAL-STWINKT1B has no document id list !
2022-11-28 14:59:22,610 [WARN] DbBoards:127 - board STM32439I-EVAL2 has no document id list !
2022-11-28 14:59:22,610 [WARN] DbBoards:127 - board STM32F401C-DISCO has no document id list !
2022-11-28 14:59:22,610 [WARN] DbBoards:127 - board STM32F769I-DISC1 has no document id list !
2022-11-28 14:59:22,610 [WARN] DbBoards:127 - board STM32G474E-EVAL1 has no document id list !
2022-11-28 14:59:22,610 [WARN] DbBoards:127 - board STM32H743I-EVAL2 has no document id list !
2022-11-28 14:59:22,610 [WARN] DbBoards:127 - board STM32H747I-DISC1 has no document id list !
2022-11-28 14:59:22,610 [WARN] DbBoards:127 - board STM32H753I-EVAL2 has no document id list !
2022-11-28 14:59:22,610 [WARN] DbBoards:127 - board STM32L-DISCOVERY has no document id list !
2022-11-28 14:59:22,753 [ERROR] DbBoards:189 - Image file not found for board B-U585I-IOT02A: G:\Vi xu li\STM32CubeIDE_1.7.0\STM32CubeIDE\plugins\com.st.stm32cube.common.mx_6.3.0.202107141111\\db\/plugins/mcufinder/images/boards/B-U585I-IOT02A_small.jpg
2022-11-28 14:59:22,901 [ERROR] DbBoards:189 - Image file not found for board NUCLEO-F413ZH: G:\Vi xu li\STM32CubeIDE_1.7.0\STM32CubeIDE\plugins\com.st.stm32cube.common.mx_6.3.0.202107141111\\db\/plugins/mcufinder/images/boards/nucleo-f413zh_small.jpg
2022-11-28 14:59:23,400 [ERROR] DbBoards:189 - Image file not found for board NUCLEO-L552ZE-Q: G:\Vi xu li\STM32CubeIDE_1.7.0\STM32CubeIDE\plugins\com.st.stm32cube.common.mx_6.3.0.202107141111\\db\/plugins/mcufinder/images/boards/nucleo_l552ze_q_small.jpg
2022-11-28 14:59:23,400 [ERROR] DbBoards:189 - Image file not found for board NUCLEO-U575ZI-Q: G:\Vi xu li\STM32CubeIDE_1.7.0\STM32CubeIDE\plugins\com.st.stm32cube.common.mx_6.3.0.202107141111\\db\/plugins/mcufinder/images/boards/nucleo-u575zi-q_small.jpg
2022-11-28 14:59:23,400 [ERROR] DbBoards:189 - Image file not found for board NUCLEO-WB15CC: G:\Vi xu li\STM32CubeIDE_1.7.0\STM32CubeIDE\plugins\com.st.stm32cube.common.mx_6.3.0.202107141111\\db\/plugins/mcufinder/images/boards/nucleo-wb15cc_small.jpg
2022-11-28 14:59:23,400 [ERROR] DbBoards:189 - Image file not found for board NUCLEO-WB55RG: G:\Vi xu li\STM32CubeIDE_1.7.0\STM32CubeIDE\plugins\com.st.stm32cube.common.mx_6.3.0.202107141111\\db\/plugins/mcufinder/images/boards/nucleo-wb55rg_small.jpg
2022-11-28 14:59:25,170 [INFO] ApiDb:251 - Load user favorites file C:\Users\HELLO SON/.stm32cubeide/favorites.boards.txt: 0 item(s)
2022-11-28 14:59:25,170 [INFO] ApiDb:255 - User favorites Boards=[]
2022-11-28 14:59:25,170 [INFO] DbBoards:206 - Set 0 / 0 favorites Boards
2022-11-28 14:59:25,255 [INFO] LoadUrlFilesThread:172 - End of LoadServerUrlFiles without Thread
2022-11-28 14:59:25,255 [INFO] TargetSelectorAdapter:224 - Refresh data is successful
2022-11-28 14:59:25,631 [INFO] ApiDb:479 - Connected to CubeFinder SQLite database (C:\Users\HELLO SON\.stmcufinder\plugins\mcufinder\mcu\cube-finder-db.db)
2022-11-28 14:59:27,550 [INFO] DbExamplesSqlite:411 - Ignored 31 examples not supported by CubeIDE
2022-11-28 14:59:27,553 [INFO] DbExamplesSqlite:412 - Found 6197 examples active
2022-11-28 14:59:27,553 [INFO] DbExamplesSqlite:413 - Found 89 examples obsolete
2022-11-28 14:59:27,553 [INFO] DbExamplesSqlite:414 - Found 0 examples under development
2022-11-28 14:59:27,553 [INFO] DbExamplesSqlite:415 - Found 76 examples not building
2022-11-28 14:59:27,643 [INFO] DbExamplesSqlite:108 - CubeFinder database Data Model version=2.1
2022-11-28 14:59:27,643 [INFO] DbExamplesSqlite:109 - CubeFinder database Configuration version=3.0.32
2022-11-28 14:59:27,643 [INFO] DbExamplesSqlite:110 - CubeFinder database generation date=2022-08-05 (1659688109)
2022-11-28 14:59:27,643 [INFO] DbExamplesSqlite:111 - CubeFinder database FW Pack versions=[STM32Cube_FW_C0_V1.0.0, STM32Cube_FW_F4_V1.27.1, STM32Cube_FW_F7_V1.17.0, STM32Cube_FW_G0_V1.6.1, STM32Cube_FW_G4_V1.5.0, STM32Cube_FW_H7_V1.10.0, STM32Cube_FW_L5_V1.4.0, STM32Cube_FW_U5_V1.1.1, STM32Cube_FW_WB_V1.14.1, STM32Cube_FW_WL_V1.2.0, X-CUBE-ALGOBUILD_V1.3.0, X-CUBE-ALS_V1.0.1, X-CUBE-AZRTOS-F4_V1.1.0, X-CUBE-AZRTOS-F7_V1.1.0, X-CUBE-AZRTOS-G0_V1.1.0, X-CUBE-AZRTOS-G4_V1.0.0, X-CUBE-AZRTOS-H7_V2.1.0, X-CUBE-AZRTOS-L4_V1.0.0, X-CUBE-AZRTOS-L5_V1.0.0, X-CUBE-AZRTOS-WL_V1.0.0, X-CUBE-BLE1_V6.2.3, X-CUBE-BLE2_V3.3.0, X-CUBE-EEPRMA1_V3.1.1, X-CUBE-GNSS1_V6.0.0, X-CUBE-MEMS1_V9.1.0, X-CUBE-MEMS1_V9.3.0, X-CUBE-NFC4_V2.0.4, X-CUBE-NFC7_V1.0.0, X-CUBE-SFXS2LP1_V4.0.0, X-CUBE-SUBG2_V5.0.0]
2022-11-28 14:59:27,643 [INFO] DbExamples:130 - Found 6242 examples
2022-11-28 14:59:29,060 [ERROR] DbExamples:206 - Found 6242 examples with invalid data (board or MCU)
2022-11-28 14:59:29,060 [INFO] DbExamples:222 - Found 74 boards with related examples
2022-11-28 14:59:29,060 [INFO] DbExamples:235 - Found 0 MCUs with related examples
2022-11-28 14:59:29,101 [INFO] ApiDb:242 - User favorites file not found: C:\Users\HELLO SON/.stm32cubeide/favorites.examples.txt
2022-11-28 14:59:29,101 [INFO] DbExamples:256 - Set 0 / 0 favorites Examples
2022-11-28 14:59:30,020 [INFO] McuFinderGlobals:52 - Set McuFinderConnectedMode to false
2022-11-28 14:59:30,251 [INFO] CrossSelectorPresenter:1330 - Cross Selector saved comparison directory: C:\Users\HELLO SON\.stmcufinder\plugins\mcufinder\mcu\cs_comparisons_mx
2022-11-28 14:59:30,301 [INFO] MultiScanPanel:197 - Auto-refresh data requested => check proxy status ongoing
2022-11-28 14:59:30,306 [INFO] MultiScanPanel:201 - Proxy status is invalid
2022-11-28 14:59:30,310 [INFO] FinderPluginLoader:87 - Searching for filters in installed packs
2022-11-28 14:59:31,570 [INFO] DetailPanel:309 - Set advertising image to C:/Users/HELLO SON/STM32Cube/Repository/\en.Prom_NBSTM32U50921.jpg
2022-11-28 15:03:55,206 [INFO] MainUpdater:2671 - connection check result : 10
2022-11-28 15:03:55,206 [INFO] MainUpdater:2671 - connection check result : 10
2022-11-28 15:03:55,392 [INFO] MicroXplorer:448 - Change Database Path : 
2022-11-28 15:03:55,392 [INFO] MicroXplorer:478 - Change Database Version : DB.6.0.30
2022-11-28 15:03:55,392 [WARN] ThirdParty:813 - waiting for thirdparty lock release [close project]
2022-11-28 15:03:55,392 [INFO] ThirdParty:815 - entering critical section [close project]
2022-11-28 15:03:55,396 [INFO] ThirdParty:825 - exiting critical section [close project]
2022-11-28 15:03:55,406 [INFO] PinOutPanel:1463 - setPackage(No Configuration,No Configuration)
2022-11-28 15:03:55,406 [INFO] UtilMem:74 - Begin LoadConfig() Used Memory: 609058552 Bytes (859832320)
2022-11-28 15:03:55,416 [INFO] MicroXplorer:448 - Change Database Path : 
2022-11-28 15:03:55,416 [INFO] MicroXplorer:478 - Change Database Version : DB.6.0.30
2022-11-28 15:03:55,416 [INFO] OpenFileManager:313 - Change cursor
2022-11-28 15:03:57,846 [INFO] Context:592 - Trying to add GPIOservice into a context  which must be forbidden
2022-11-28 15:03:58,583 [INFO] ImportTextPane:167 - (OptionalMessage_ERROR) Unable to find key (Mcu.ThirdPartyNb) in loaded IOC file
2022-11-28 15:03:58,583 [INFO] ImportTextPane:167 - (OptionalMessage_ERROR) Unable to find key (Mcu.PinsNb) in loaded IOC file
2022-11-28 15:03:58,583 [INFO] ImportTextPane:167 - (OptionalMessage_ERROR) Unable to find key (Mcu.IPNb) in loaded IOC file
2022-11-28 15:03:58,696 [WARN] ApiManager:304 - Cannot register API 'Board Extension:GNSS1A1' from pack STMicroelectronics.X-CUBE-GNSS1.6.0.0: no header file found
2022-11-28 15:03:58,696 [WARN] ApiManager:304 - Cannot register API 'Board Support:Custom' from pack STMicroelectronics.X-CUBE-GNSS1.6.0.0: no header file found
2022-11-28 15:03:58,696 [WARN] ApiManager:304 - Cannot register API 'Data Exchange:lib_gnss' from pack STMicroelectronics.X-CUBE-GNSS1.6.0.0: no header file found
2022-11-28 15:03:58,724 [WARN] ApiManager:304 - Cannot register API 'Wireless:BlueNRG-MS' from pack STMicroelectronics.X-CUBE-BLE1.6.2.3: no header file found
2022-11-28 15:03:58,726 [INFO] RtosManager:484 - Registered RTOS mode: class=CMSIS, group=RTOS, mode=CMSIS_V1, owner=FREERTOS
2022-11-28 15:03:58,726 [INFO] RtosManager:484 - Registered RTOS mode: class=CMSIS, group=RTOS2, mode=CMSIS_V2, owner=FREERTOS
2022-11-28 15:03:58,726 [INFO] RtosManager:484 - Registered RTOS mode: class=RTOS, group=Core, mode=CMSIS_V1, owner=FREERTOS
2022-11-28 15:03:58,726 [INFO] RtosManager:484 - Registered RTOS mode: class=RTOS, group=Core, mode=CMSIS_V2, owner=FREERTOS
2022-11-28 15:03:58,726 [WARN] ModelIntegratedComponent:181 - Missing modes for component STMicroelectronics:FreeRTOS:0.0.1:STMicroelectronics:RTOS:FreeRTOS:Core:::10.2.0:
2022-11-28 15:03:58,726 [WARN] ApiManager:304 - Cannot register API 'Board Extension:S2868A1' from pack STMicroelectronics.X-CUBE-SUBG2.5.0.0: no header file found
2022-11-28 15:03:58,726 [WARN] ApiManager:304 - Cannot register API 'Board Extension:S2868A2' from pack STMicroelectronics.X-CUBE-SUBG2.5.0.0: no header file found
2022-11-28 15:03:58,726 [WARN] ApiManager:304 - Cannot register API 'Board Extension:S2915A1' from pack STMicroelectronics.X-CUBE-SUBG2.5.0.0: no header file found
2022-11-28 15:03:58,741 [WARN] ApiManager:304 - Cannot register API 'Board Extension:NFC04A1' from pack STMicroelectronics.X-CUBE-NFC4.2.0.5: no header file found
2022-11-28 15:03:58,744 [WARN] ApiManager:304 - Cannot register API 'Board Extension:NFC04A1' from pack STMicroelectronics.X-CUBE-NFC4.2.0.4: no header file found
2022-11-28 15:03:58,752 [WARN] ModelIntegratedComponent:60 - No mode defined for component null
2022-11-28 15:03:58,752 [WARN] ModelIntegratedComponent:60 - No mode defined for component null
2022-11-28 15:03:58,752 [WARN] ModelIntegratedComponent:60 - No mode defined for component null
2022-11-28 15:03:58,752 [WARN] ModelIntegratedComponent:60 - No mode defined for component null
2022-11-28 15:03:58,752 [WARN] ModelIntegratedComponent:60 - No mode defined for component null
2022-11-28 15:03:58,752 [WARN] ModelIntegratedComponent:60 - No mode defined for component null
2022-11-28 15:03:58,752 [WARN] ModelIntegratedComponent:60 - No mode defined for component null
2022-11-28 15:03:58,752 [WARN] ModelIntegratedComponent:60 - No mode defined for component null
2022-11-28 15:03:58,752 [WARN] ModelIntegratedComponent:60 - No mode defined for component null
2022-11-28 15:03:58,752 [WARN] ModelIntegratedComponent:60 - No mode defined for component null
2022-11-28 15:03:58,752 [WARN] ModelIntegratedComponent:60 - No mode defined for component null
2022-11-28 15:03:58,752 [WARN] ModelIntegratedComponent:60 - No mode defined for component null
2022-11-28 15:03:58,752 [WARN] ModelIntegratedComponent:60 - No mode defined for component null
2022-11-28 15:03:58,752 [WARN] ModelIntegratedComponent:60 - No mode defined for component null
2022-11-28 15:03:58,752 [WARN] ModelIntegratedComponent:60 - No mode defined for component null
2022-11-28 15:03:58,752 [WARN] ModelIntegratedComponent:60 - No mode defined for component null
2022-11-28 15:03:58,756 [WARN] ModelIntegratedComponent:60 - No mode defined for component null
2022-11-28 15:03:58,756 [WARN] ModelIntegratedComponent:60 - No mode defined for component null
2022-11-28 15:03:58,756 [WARN] ModelIntegratedComponent:60 - No mode defined for component null
2022-11-28 15:03:58,756 [WARN] ModelIntegratedComponent:60 - No mode defined for component null
2022-11-28 15:03:58,756 [WARN] ModelIntegratedComponent:60 - No mode defined for component null
2022-11-28 15:03:58,756 [WARN] ModelIntegratedComponent:60 - No mode defined for component null
2022-11-28 15:03:58,756 [WARN] ModelIntegratedComponent:60 - No mode defined for component null
2022-11-28 15:03:58,756 [WARN] ModelIntegratedComponent:60 - No mode defined for component null
2022-11-28 15:03:58,756 [WARN] ModelIntegratedComponent:60 - No mode defined for component null
2022-11-28 15:03:58,756 [WARN] ModelIntegratedComponent:60 - No mode defined for component null
2022-11-28 15:03:58,756 [WARN] ModelIntegratedComponent:60 - No mode defined for component null
2022-11-28 15:03:58,756 [WARN] ModelIntegratedComponent:60 - No mode defined for component null
2022-11-28 15:03:58,756 [WARN] ModelIntegratedComponent:60 - No mode defined for component null
2022-11-28 15:03:58,756 [WARN] ModelIntegratedComponent:60 - No mode defined for component null
2022-11-28 15:03:58,756 [WARN] ModelIntegratedComponent:60 - No mode defined for component null
2022-11-28 15:03:58,760 [WARN] ApiManager:304 - Cannot register API 'Board Extension:NFC07A1' from pack STMicroelectronics.X-CUBE-NFC7.1.0.0: no header file found
2022-11-28 15:03:59,106 [WARN] ApiManager:304 - Cannot register API 'Board Extension:IKS01A3' from pack STMicroelectronics.X-CUBE-MEMS1.9.3.0: no header file found
2022-11-28 15:03:59,106 [WARN] ApiManager:304 - Cannot register API 'Board Extension:IKS01A2' from pack STMicroelectronics.X-CUBE-MEMS1.9.3.0: no header file found
2022-11-28 15:03:59,106 [WARN] ApiManager:304 - Cannot register API 'Board Extension:IKS02A1' from pack STMicroelectronics.X-CUBE-MEMS1.9.3.0: no header file found
2022-11-28 15:03:59,147 [WARN] ApiManager:304 - Cannot register API 'Board Extension:EEPRMA1' from pack STMicroelectronics.X-CUBE-EEPRMA1.3.1.1: no header file found
2022-11-28 15:03:59,147 [WARN] ApiManager:304 - Cannot register API 'Board Extension:EEPRMA2' from pack STMicroelectronics.X-CUBE-EEPRMA1.3.1.1: no header file found
2022-11-28 15:03:59,147 [WARN] ApiManager:304 - Cannot register API 'Board Extension:S2868A1' from pack STMicroelectronics.X-CUBE-SFXS2LP1.4.0.0: no header file found
2022-11-28 15:03:59,147 [WARN] ApiManager:304 - Cannot register API 'Board Extension:S2868A2' from pack STMicroelectronics.X-CUBE-SFXS2LP1.4.0.0: no header file found
2022-11-28 15:03:59,147 [WARN] ApiManager:304 - Cannot register API 'Board Extension:S2915A1' from pack STMicroelectronics.X-CUBE-SFXS2LP1.4.0.0: no header file found
2022-11-28 15:03:59,156 [WARN] ApiManager:304 - Cannot register API 'Wireless:BlueNRG-2' from pack STMicroelectronics.X-CUBE-BLE2.3.3.0: no header file found
2022-11-28 15:04:05,936 [INFO] UtilMem:74 - End LoadConfig() Used Memory: 692735488 Bytes (859832320)
2022-11-28 15:04:06,046 [WARN] ThirdParty:779 - waiting for thirdparty lock release [change project]
2022-11-28 15:04:06,046 [INFO] ThirdParty:781 - entering critical section [change project]
2022-11-28 15:04:06,046 [INFO] ThirdParty:967 - CMSIS Pack Vendor :STMicroelectronics X-CUBE-ISPU 1.1.0
2022-11-28 15:04:06,046 [INFO] ThirdParty:967 - CMSIS Pack Vendor :RoweBots I-CUBE-UNISONRTOS 5.5.0-4
2022-11-28 15:04:06,046 [INFO] ThirdParty:967 - CMSIS Pack Vendor :STMicroelectronics X-CUBE-GNSS1 6.0.0
2022-11-28 15:04:06,046 [INFO] ThirdParty:967 - CMSIS Pack Vendor :STMicroelectronics X-CUBE-AZRTOS-H7 2.1.0
2022-11-28 15:04:06,046 [INFO] ThirdParty:967 - CMSIS Pack Vendor :STMicroelectronics USB_HOST 2.0.0
2022-11-28 15:04:06,046 [INFO] ThirdParty:967 - CMSIS Pack Vendor :STMicroelectronics X-CUBE-AZRTOS-F4 1.1.0
2022-11-28 15:04:06,046 [INFO] ThirdParty:967 - CMSIS Pack Vendor :STMicroelectronics USB_DEVICE 3.0.0
2022-11-28 15:04:06,046 [INFO] ThirdParty:967 - CMSIS Pack Vendor :STMicroelectronics X-CUBE-BLEMGR 1.0.0
2022-11-28 15:04:06,046 [INFO] ThirdParty:967 - CMSIS Pack Vendor :STMicroelectronics X-CUBE-BLEMGR 1.2.0
2022-11-28 15:04:06,046 [INFO] ThirdParty:967 - CMSIS Pack Vendor :STMicroelectronics X-CUBE-AZRTOS-F7 1.1.0
2022-11-28 15:04:06,046 [INFO] ThirdParty:967 - CMSIS Pack Vendor :STMicroelectronics USB_DEVICE 2.0.0
2022-11-28 15:04:06,046 [INFO] ThirdParty:967 - CMSIS Pack Vendor :STMicroelectronics X-CUBE-AI 7.3.0
2022-11-28 15:04:06,056 [INFO] ThirdParty:967 - CMSIS Pack Vendor :STMicroelectronics X-CUBE-BLE1 6.2.3
2022-11-28 15:04:06,056 [INFO] ThirdParty:967 - CMSIS Pack Vendor :STMicroelectronics X-CUBE-ALGOBUILD 1.3.0
2022-11-28 15:04:06,056 [INFO] ThirdParty:967 - CMSIS Pack Vendor :STMicroelectronics FreeRTOS 0.0.1
2022-11-28 15:04:06,056 [INFO] ThirdParty:967 - CMSIS Pack Vendor :STMicroelectronics X-CUBE-AZRTOS-G0 1.1.0
2022-11-28 15:04:06,056 [INFO] ThirdParty:967 - CMSIS Pack Vendor :STMicroelectronics X-CUBE-SUBG2 5.0.0
2022-11-28 15:04:06,056 [INFO] ThirdParty:967 - CMSIS Pack Vendor :SEGGER I-CUBE-embOS 1.2.0
2022-11-28 15:04:06,056 [INFO] ThirdParty:967 - CMSIS Pack Vendor :STMicroelectronics lwIP 2.0.3
2022-11-28 15:04:06,056 [INFO] ThirdParty:967 - CMSIS Pack Vendor :STMicroelectronics X-CUBE-NFC4 2.0.5
2022-11-28 15:04:06,056 [INFO] ThirdParty:967 - CMSIS Pack Vendor :STMicroelectronics X-CUBE-NFC4 2.0.4
2022-11-28 15:04:06,056 [INFO] ThirdParty:967 - CMSIS Pack Vendor :STMicroelectronics USB_HOST 1.0.0
2022-11-28 15:04:06,056 [INFO] ThirdParty:967 - CMSIS Pack Vendor :STMicroelectronics PDM2PCM 3.1.0
2022-11-28 15:04:06,056 [INFO] ThirdParty:967 - CMSIS Pack Vendor :STMicroelectronics FP-ATR-ASTRA1 1.1.1
2022-11-28 15:04:06,056 [INFO] ThirdParty:967 - CMSIS Pack Vendor :STMicroelectronics PDM2PCM 3.3.0
2022-11-28 15:04:06,056 [INFO] ThirdParty:967 - CMSIS Pack Vendor :STMicroelectronics X-CUBE-TOF1 3.1.0
2022-11-28 15:04:06,056 [INFO] ThirdParty:967 - CMSIS Pack Vendor :STMicroelectronics X-CUBE-AZRTOS-G4 1.0.0
2022-11-28 15:04:06,056 [INFO] ThirdParty:967 - CMSIS Pack Vendor :STMicroelectronics FP-ATR-SIGFOX1 3.2.0
2022-11-28 15:04:06,056 [INFO] ThirdParty:967 - CMSIS Pack Vendor :STMicroelectronics X-CUBE-AZRTOS-L4 1.0.0
2022-11-28 15:04:06,056 [INFO] ThirdParty:967 - CMSIS Pack Vendor :wolfSSL I-CUBE-wolfSSL 5.5.0
2022-11-28 15:04:06,056 [INFO] ThirdParty:967 - CMSIS Pack Vendor :STMicroelectronics HAL Drivers 0.0.0
2022-11-28 15:04:06,056 [INFO] ThirdParty:967 - CMSIS Pack Vendor :STMicroelectronics MBEDTLS 2.16.2
2022-11-28 15:04:06,056 [INFO] ThirdParty:967 - CMSIS Pack Vendor :emotas I-CUBE-CANOPEN 1.1.2
2022-11-28 15:04:06,056 [INFO] ThirdParty:967 - CMSIS Pack Vendor :STMicroelectronics X-CUBE-TOUCHGFX 4.20.0
2022-11-28 15:04:06,056 [INFO] ThirdParty:967 - CMSIS Pack Vendor :STMicroelectronics MBEDTLS 2.14.1
2022-11-28 15:04:06,056 [INFO] ThirdParty:967 - CMSIS Pack Vendor :STMicroelectronics X-CUBE-NFC7 1.0.0
2022-11-28 15:04:06,056 [INFO] ThirdParty:967 - CMSIS Pack Vendor :STMicroelectronics X-CUBE-AZRTOS-WL 1.0.0
2022-11-28 15:04:06,056 [INFO] ThirdParty:967 - CMSIS Pack Vendor :STMicroelectronics X-CUBE-MEMS1 9.3.0
2022-11-28 15:04:06,061 [INFO] ThirdParty:967 - CMSIS Pack Vendor :portGmbH I-Cube-SoM-uGOAL 1.1.0
2022-11-28 15:04:06,061 [INFO] ThirdParty:967 - CMSIS Pack Vendor :STMicroelectronics X-CUBE-ALS 1.0.1
2022-11-28 15:04:06,061 [INFO] ThirdParty:967 - CMSIS Pack Vendor :STMicroelectronics X-CUBE-AI 7.2.0
2022-11-28 15:04:06,061 [INFO] ThirdParty:967 - CMSIS Pack Vendor :STMicroelectronics X-CUBE-AZRTOS-L5 1.0.0
2022-11-28 15:04:06,061 [INFO] ThirdParty:967 - CMSIS Pack Vendor :STMicroelectronics USB_DEVICE 1.0.0
2022-11-28 15:04:06,061 [INFO] ThirdParty:967 - CMSIS Pack Vendor :STMicroelectronics X-CUBE-EEPRMA1 3.1.1
2022-11-28 15:04:06,061 [INFO] ThirdParty:967 - CMSIS Pack Vendor :STMicroelectronics ThreadX 0.0.2
2022-11-28 15:04:06,061 [INFO] ThirdParty:967 - CMSIS Pack Vendor :STMicroelectronics lwIP 2.1.2
2022-11-28 15:04:06,061 [INFO] ThirdParty:967 - CMSIS Pack Vendor :STMicroelectronics X-CUBE-SFXS2LP1 4.0.0
2022-11-28 15:04:06,061 [INFO] ThirdParty:967 - CMSIS Pack Vendor :STMicroelectronics X-CUBE-BLE2 3.3.0
2022-11-28 15:04:06,061 [INFO] ThirdParty:967 - CMSIS Pack Vendor :STMicroelectronics X-CUBE-DISPLAY 2.2.0
2022-11-28 15:04:06,061 [INFO] ThirdParty:967 - CMSIS Pack Vendor :STMicroelectronics X-CUBE-TOF1 3.2.0
2022-11-28 15:04:06,061 [INFO] ThirdParty:967 - CMSIS Pack Vendor :STMicroelectronics PDM2PCM 3.2.0
2022-11-28 15:04:06,061 [INFO] ThirdParty:967 - CMSIS Pack Vendor :STMicroelectronics X-CUBE-ISPU 1.0.0
2022-11-28 15:04:06,061 [INFO] ThirdParty:787 - exiting critical section [change project]
2022-11-28 15:04:06,996 [INFO] PinOutPanel:1463 - setPackage(No Configuration,No Configuration)
2022-11-28 15:04:06,996 [INFO] PinOutPanel:1463 - setPackage(STM32F103C6Ux,UFQFPN48)
2022-11-28 15:04:09,106 [INFO] UtilMem:74 - Before build in PCC Used Memory: 581218952 Bytes (859832320)
2022-11-28 15:04:11,532 [INFO] UtilMem:74 - After build in PCC Used Memory: 660384392 Bytes (859832320)
2022-11-28 15:04:11,587 [INFO] IPUIPlugin:74 - create IPUIPlugin
2022-11-28 15:04:11,587 [INFO] IPUIPlugin:74 - create IPUIPlugin
2022-11-28 15:04:11,587 [INFO] IPUIPlugin:74 - create IPUIPlugin
2022-11-28 15:04:11,587 [INFO] IPUIPlugin:74 - create IPUIPlugin
2022-11-28 15:04:11,596 [INFO] IPUIPlugin:74 - create IPUIPlugin
2022-11-28 15:04:11,596 [INFO] IPUIPlugin:74 - create IPUIPlugin
2022-11-28 15:04:11,596 [INFO] IPUIPlugin:74 - create IPUIPlugin
2022-11-28 15:04:11,596 [INFO] IPUIPlugin:74 - create IPUIPlugin
2022-11-28 15:04:11,596 [INFO] IPUIPlugin:74 - create IPUIPlugin
2022-11-28 15:04:11,596 [INFO] IPUIPlugin:74 - create IPUIPlugin
2022-11-28 15:04:11,596 [INFO] IPUIPlugin:74 - create IPUIPlugin
2022-11-28 15:04:11,596 [INFO] IPUIPlugin:74 - create IPUIPlugin
2022-11-28 15:04:11,596 [INFO] IPUIPlugin:74 - create IPUIPlugin
2022-11-28 15:04:11,596 [INFO] IPUIPlugin:74 - create IPUIPlugin
2022-11-28 15:04:11,596 [INFO] IPUIPlugin:74 - create IPUIPlugin
2022-11-28 15:04:11,596 [INFO] IPUIPlugin:74 - create IPUIPlugin
2022-11-28 15:04:11,596 [INFO] IPUIPlugin:74 - create IPUIPlugin
2022-11-28 15:04:11,606 [INFO] IPUIPlugin:74 - create IPUIPlugin
2022-11-28 15:04:11,606 [INFO] IPUIPlugin:74 - create IPUIPlugin
2022-11-28 15:04:11,606 [INFO] IPUIPlugin:74 - create IPUIPlugin
2022-11-28 15:04:11,606 [INFO] IPUIPlugin:74 - create IPUIPlugin
2022-11-28 15:04:11,606 [INFO] IPUIPlugin:74 - create IPUIPlugin
2022-11-28 15:04:11,606 [INFO] IPUIPlugin:74 - create IPUIPlugin
2022-11-28 15:04:12,096 [INFO] OpenFileManager:333 - Restore cursor
2022-11-28 15:04:13,241 [INFO] UtilMem:74 - End SaveConfig() Used Memory: 724347528 Bytes (859832320)
2022-11-28 15:04:13,525 [INFO] UtilMem:74 - End SaveConfig() Used Memory: 588501832 Bytes (859832320)
2022-11-28 15:04:14,801 [INFO] BlockDiagram:2740 - set Specific Code input for plugin: NVIC
2022-11-28 15:04:14,805 [INFO] BlockDiagram:2740 - set Specific Code input for plugin: SYS
2022-11-28 15:04:14,806 [INFO] BlockDiagram:2740 - set Specific Code input for plugin: RCC
2022-11-28 15:04:14,806 [INFO] CodeGenerator:663 - code generatio: config db path: G:\Vi xu li\STM32CubeIDE_1.7.0\STM32CubeIDE\plugins\com.st.stm32cube.common.mx_6.3.0.202107141111\\db\
2022-11-28 15:04:16,407 [INFO] CodeEngine:239 - oldGeneratedFile, G:\Vi xu li\Project\STM32LAB\Lab5\Lab_5\MXTmpFiles\license.tmp_save
2022-11-28 15:04:17,746 [INFO] CodeEngine:257 - Generated code: G:\Vi xu li\Project\STM32LAB\Lab5\Lab_5\MXTmpFiles\license.tmp
2022-11-28 15:04:18,476 [INFO] CodeEngine:239 - oldGeneratedFile, G:\Vi xu li\Project\STM32LAB\Lab5\Lab_5\Core\Src\stm32f1xx_it.c_save
2022-11-28 15:04:19,192 [INFO] CodeEngine:257 - Generated code: G:\Vi xu li\Project\STM32LAB\Lab5\Lab_5\Core\Src\stm32f1xx_it.c
2022-11-28 15:04:19,236 [INFO] CodeEngine:239 - oldGeneratedFile, G:\Vi xu li\Project\STM32LAB\Lab5\Lab_5\Core\Inc\stm32f1xx_it.h_save
2022-11-28 15:04:19,465 [INFO] CodeEngine:257 - Generated code: G:\Vi xu li\Project\STM32LAB\Lab5\Lab_5\Core\Inc\stm32f1xx_it.h
2022-11-28 15:04:19,530 [INFO] CodeEngine:239 - oldGeneratedFile, G:\Vi xu li\Project\STM32LAB\Lab5\Lab_5\Core\Src\stm32f1xx_hal_msp.c_save
2022-11-28 15:04:19,925 [INFO] CodeEngine:257 - Generated code: G:\Vi xu li\Project\STM32LAB\Lab5\Lab_5\Core\Src\stm32f1xx_hal_msp.c
2022-11-28 15:04:19,992 [INFO] CodeEngine:239 - oldGeneratedFile, G:\Vi xu li\Project\STM32LAB\Lab5\Lab_5\MXTmpFiles\system.tmp_save
2022-11-28 15:04:20,206 [INFO] CodeEngine:257 - Generated code: G:\Vi xu li\Project\STM32LAB\Lab5\Lab_5\MXTmpFiles\system.tmp
2022-11-28 15:04:20,320 [INFO] CodeEngine:239 - oldGeneratedFile, G:\Vi xu li\Project\STM32LAB\Lab5\Lab_5\Core\Inc\stm32f1xx_hal_conf.h_save
2022-11-28 15:04:20,596 [INFO] CodeEngine:257 - Generated code: G:\Vi xu li\Project\STM32LAB\Lab5\Lab_5\Core\Inc\stm32f1xx_hal_conf.h
2022-11-28 15:04:20,864 [INFO] CodeEngine:239 - oldGeneratedFile, G:\Vi xu li\Project\STM32LAB\Lab5\Lab_5\Core\Inc\main.h_save
2022-11-28 15:04:21,191 [INFO] CodeEngine:257 - Generated code: G:\Vi xu li\Project\STM32LAB\Lab5\Lab_5\Core\Inc\main.h
2022-11-28 15:04:21,241 [INFO] CodeEngine:239 - oldGeneratedFile, G:\Vi xu li\Project\STM32LAB\Lab5\Lab_5\Core\Src\main.c_save
2022-11-28 15:04:21,725 [INFO] CodeEngine:257 - Generated code: G:\Vi xu li\Project\STM32LAB\Lab5\Lab_5\Core\Src\main.c
2022-11-28 15:04:25,698 [INFO] ProjectBuilder:2578 - Time for Copy HAL[1] : 1073mS.
2022-11-28 15:04:25,713 [INFO] ProjectBuilder:3622 - Project Generator version: 3.14.1
2022-11-28 15:04:27,145 [INFO] ConfigFileManager:1271 - The Die is : DIE412
2022-11-28 15:04:27,290 [INFO] ApiDbMcu:468 - Load IP Config File for FATFS
2022-11-28 15:04:27,423 [INFO] ApiDbMcu:468 - Load IP Config File for FREERTOS
2022-11-28 15:04:27,565 [INFO] ApiDbMcu:468 - Load IP Config File for USB_DEVICE
2022-11-28 15:04:51,873 [INFO] ProjectBuilder:3789 - Time for Generating toolchain IDE Files: 26160mS.
2022-11-28 15:04:51,877 [INFO] ProjectBuilder:2457 - Time for Copy CMSIS : 4mS.
2022-11-28 15:04:51,880 [INFO] ProjectBuilder:2457 - Time for Copy CMSIS : 0mS.
2022-11-28 15:04:53,770 [INFO] McuFinderGlobals:52 - Set McuFinderConnectedMode to true
2022-11-28 15:04:53,778 [INFO] ApiDb:276 - Save user favorites file C:\Users\HELLO SON/.stm32cubeide/favorites.mcus.txt: 0 item(s)
2022-11-28 15:04:53,778 [INFO] ApiDb:280 - User favorites MCUs=[]
2022-11-28 15:05:58,135 [INFO] NvicIntPanel:96 - NVIC parent = com.st.microxplorer.plugins.ip.nvic.MultiNvicIntPanel[,0,0,478x194,layout=javax.swing.BoxLayout,alignmentX=0.0,alignmentY=0.0,border=,flags=9,maximumSize=,minimumSize=,preferredSize=]
2022-11-28 15:05:59,575 [INFO] NvicIntPanel:96 - NVIC parent = com.st.microxplorer.plugins.ip.nvic.MultiNvicIntPanel[,0,0,0x0,invalid,layout=javax.swing.BoxLayout,alignmentX=0.0,alignmentY=0.0,border=,flags=9,maximumSize=,minimumSize=,preferredSize=]
2022-11-28 15:05:59,720 [INFO] NvicIntPanel:96 - NVIC parent = com.st.microxplorer.plugins.ip.nvic.MultiNvicIntPanel[,0,0,0x0,invalid,layout=javax.swing.BoxLayout,alignmentX=0.0,alignmentY=0.0,border=,flags=9,maximumSize=,minimumSize=,preferredSize=]
2022-11-28 15:06:16,455 [INFO] ADCParametersView:103 -                Rank 1 : false
2022-11-28 15:06:23,075 [INFO] ADCParametersView:103 -                Rank 1 : false
2022-11-28 15:06:23,081 [INFO] ADCParametersView:103 -                Rank 1 : false
2022-11-28 15:06:23,081 [INFO] ADCParametersView:103 -                Rank 1 : false
2022-11-28 15:06:23,081 [INFO] ADCParametersView:103 -                Rank 1 : false
2022-11-28 15:06:23,081 [INFO] ADCParametersView:103 -                Rank 1 : false
2022-11-28 15:06:23,081 [INFO] ADCParametersView:103 -                Rank 1 : false
2022-11-28 15:06:23,081 [INFO] ADCParametersView:103 -                Rank 1 : false
2022-11-28 15:06:23,081 [INFO] ADCParametersView:103 -                Rank 1 : false
2022-11-28 15:06:23,082 [INFO] ADCParametersView:103 -                Rank 1 : false
2022-11-28 15:06:23,082 [INFO] ADCParametersView:103 -                Rank 1 : false
2022-11-28 15:06:23,094 [INFO] ADCParametersView:103 -                Rank 1 : false
2022-11-28 15:06:23,157 [INFO] ADCParametersView:103 -                Rank 1 : false
2022-11-28 15:06:23,158 [INFO] ADCParametersView:103 -                Rank 1 : false
2022-11-28 15:06:23,159 [INFO] ADCParametersView:103 -                Rank 1 : false
2022-11-28 15:06:23,159 [INFO] ADCParametersView:103 -                Rank 1 : false
2022-11-28 15:06:23,159 [INFO] ADCParametersView:103 -                Rank 1 : false
2022-11-28 15:06:23,159 [INFO] ADCParametersView:103 -                Rank 1 : false
2022-11-28 15:06:23,160 [INFO] ADCParametersView:103 -                Rank 1 : false
2022-11-28 15:06:23,160 [INFO] ADCParametersView:103 -                Rank 1 : false
2022-11-28 15:06:23,160 [INFO] ADCParametersView:103 -                Rank 1 : false
2022-11-28 15:06:23,160 [INFO] ADCParametersView:103 -                Rank 1 : false
2022-11-28 15:06:23,170 [INFO] ADCParametersView:103 -                Rank 1 : false
2022-11-28 15:06:32,554 [INFO] ADCParametersView:103 -                Rank 1 : false
2022-11-28 15:06:32,557 [INFO] ADCParametersView:103 -                Rank 1 : false
2022-11-28 15:06:32,557 [INFO] ADCParametersView:103 -                Rank 1 : false
2022-11-28 15:06:32,558 [INFO] ADCParametersView:103 -                Rank 1 : false
2022-11-28 15:06:32,558 [INFO] ADCParametersView:103 -                Rank 1 : false
2022-11-28 15:06:32,558 [INFO] ADCParametersView:103 -                Rank 1 : false
2022-11-28 15:06:32,559 [INFO] ADCParametersView:103 -                Rank 1 : false
2022-11-28 15:06:32,559 [INFO] ADCParametersView:103 -                Rank 1 : false
2022-11-28 15:06:32,559 [INFO] ADCParametersView:103 -                Rank 1 : false
2022-11-28 15:06:32,560 [INFO] ADCParametersView:103 -                Rank 1 : false
2022-11-28 15:06:32,575 [INFO] ADCParametersView:103 -                Rank 1 : false
2022-11-28 15:06:32,821 [INFO] ADCParametersView:103 -                Rank 1 : false
2022-11-28 15:06:32,823 [INFO] ADCParametersView:103 -                Rank 1 : false
2022-11-28 15:06:32,823 [INFO] ADCParametersView:103 -                Rank 1 : false
2022-11-28 15:06:32,823 [INFO] ADCParametersView:103 -                Rank 1 : false
2022-11-28 15:06:32,824 [INFO] ADCParametersView:103 -                Rank 1 : false
2022-11-28 15:06:32,824 [INFO] ADCParametersView:103 -                Rank 1 : false
2022-11-28 15:06:32,824 [INFO] ADCParametersView:103 -                Rank 1 : false
2022-11-28 15:06:32,824 [INFO] ADCParametersView:103 -                Rank 1 : false
2022-11-28 15:06:32,825 [INFO] ADCParametersView:103 -                Rank 1 : false
2022-11-28 15:06:32,825 [INFO] ADCParametersView:103 -                Rank 1 : false
2022-11-28 15:06:32,835 [INFO] ADCParametersView:103 -                Rank 1 : false
2022-11-28 15:07:17,884 [INFO] NvicIntPanel:96 - NVIC parent = com.st.microxplorer.plugins.ip.nvic.MultiNvicIntPanel[,0,0,478x194,layout=javax.swing.BoxLayout,alignmentX=0.0,alignmentY=0.0,border=,flags=9,maximumSize=,minimumSize=,preferredSize=]
2022-11-28 15:07:32,070 [INFO] UtilMem:74 - End SaveConfig() Used Memory: 809726176 Bytes (932184064)
2022-11-28 15:07:33,832 [INFO] UtilMem:74 - End SaveConfig() Used Memory: 587347272 Bytes (932184064)
2022-11-28 15:07:39,320 [INFO] UtilMem:74 - End SaveConfig() Used Memory: 617623448 Bytes (932184064)
2022-11-28 15:07:40,043 [INFO] BlockDiagram:2740 - set Specific Code input for plugin: NVIC
2022-11-28 15:07:40,043 [INFO] BlockDiagram:2740 - set Specific Code input for plugin: SYS
2022-11-28 15:07:40,044 [INFO] BlockDiagram:2740 - set Specific Code input for plugin: GPIO
2022-11-28 15:07:40,044 [INFO] BlockDiagram:2740 - set Specific Code input for plugin: ADC
2022-11-28 15:07:40,044 [INFO] BlockDiagram:2740 - set Specific Code input for plugin: USART
2022-11-28 15:07:40,044 [INFO] BlockDiagram:2740 - set Specific Code input for plugin: RCC
2022-11-28 15:07:40,044 [INFO] BlockDiagram:2740 - set Specific Code input for plugin: TIM1_8F1
2022-11-28 15:07:40,045 [INFO] CodeGenerator:663 - code generatio: config db path: G:\Vi xu li\STM32CubeIDE_1.7.0\STM32CubeIDE\plugins\com.st.stm32cube.common.mx_6.3.0.202107141111\\db\
2022-11-28 15:07:40,635 [INFO] CodeEngine:239 - oldGeneratedFile, G:\Vi xu li\Project\STM32LAB\Lab5\Lab_5\MXTmpFiles\license.tmp_save
2022-11-28 15:07:40,742 [INFO] CodeEngine:257 - Generated code: G:\Vi xu li\Project\STM32LAB\Lab5\Lab_5\MXTmpFiles\license.tmp
2022-11-28 15:07:41,079 [INFO] CodeEngine:239 - oldGeneratedFile, G:\Vi xu li\Project\STM32LAB\Lab5\Lab_5\MXTmpFiles\gpio.tmp_save
2022-11-28 15:07:41,316 [INFO] CodeEngine:257 - Generated code: G:\Vi xu li\Project\STM32LAB\Lab5\Lab_5\MXTmpFiles\gpio.tmp
2022-11-28 15:07:42,094 [INFO] CodeEngine:239 - oldGeneratedFile, G:\Vi xu li\Project\STM32LAB\Lab5\Lab_5\Core\Src\stm32f1xx_it.c_save
2022-11-28 15:07:42,546 [INFO] CodeEngine:257 - Generated code: G:\Vi xu li\Project\STM32LAB\Lab5\Lab_5\Core\Src\stm32f1xx_it.c
2022-11-28 15:07:42,616 [INFO] CodeEngine:239 - oldGeneratedFile, G:\Vi xu li\Project\STM32LAB\Lab5\Lab_5\Core\Inc\stm32f1xx_it.h_save
2022-11-28 15:07:42,773 [INFO] CodeEngine:257 - Generated code: G:\Vi xu li\Project\STM32LAB\Lab5\Lab_5\Core\Inc\stm32f1xx_it.h
2022-11-28 15:07:42,833 [INFO] CodeEngine:239 - oldGeneratedFile, G:\Vi xu li\Project\STM32LAB\Lab5\Lab_5\Core\Src\stm32f1xx_hal_msp.c_save
2022-11-28 15:07:43,085 [INFO] CodeEngine:257 - Generated code: G:\Vi xu li\Project\STM32LAB\Lab5\Lab_5\Core\Src\stm32f1xx_hal_msp.c
2022-11-28 15:07:43,129 [INFO] CodeEngine:239 - oldGeneratedFile, G:\Vi xu li\Project\STM32LAB\Lab5\Lab_5\MXTmpFiles\system.tmp_save
2022-11-28 15:07:43,203 [INFO] CodeEngine:257 - Generated code: G:\Vi xu li\Project\STM32LAB\Lab5\Lab_5\MXTmpFiles\system.tmp
2022-11-28 15:07:43,248 [INFO] CodeEngine:239 - oldGeneratedFile, G:\Vi xu li\Project\STM32LAB\Lab5\Lab_5\Core\Inc\stm32f1xx_hal_conf.h_save
2022-11-28 15:07:43,461 [INFO] CodeEngine:257 - Generated code: G:\Vi xu li\Project\STM32LAB\Lab5\Lab_5\Core\Inc\stm32f1xx_hal_conf.h
2022-11-28 15:07:43,499 [WARN] IPConfigManager:3148 - IP not found : TIM
2022-11-28 15:07:43,501 [WARN] CodeGenerator:3268 - IP not found : null
2022-11-28 15:07:43,558 [INFO] CodeEngine:239 - oldGeneratedFile, G:\Vi xu li\Project\STM32LAB\Lab5\Lab_5\Core\Inc\main.h_save
2022-11-28 15:07:43,740 [INFO] CodeEngine:257 - Generated code: G:\Vi xu li\Project\STM32LAB\Lab5\Lab_5\Core\Inc\main.h
2022-11-28 15:07:43,775 [INFO] CodeEngine:239 - oldGeneratedFile, G:\Vi xu li\Project\STM32LAB\Lab5\Lab_5\Core\Src\main.c_save
2022-11-28 15:07:44,082 [INFO] CodeEngine:257 - Generated code: G:\Vi xu li\Project\STM32LAB\Lab5\Lab_5\Core\Src\main.c
2022-11-28 15:07:45,813 [INFO] ProjectBuilder:2578 - Time for Copy HAL[1] : 304mS.
2022-11-28 15:07:45,819 [INFO] ProjectBuilder:3622 - Project Generator version: 3.14.1
2022-11-28 15:07:46,817 [INFO] ConfigFileManager:1271 - The Die is : DIE412
2022-11-28 15:07:50,681 [INFO] ProjectBuilder:3789 - Time for Generating toolchain IDE Files: 4862mS.
2022-11-28 15:07:50,682 [INFO] ProjectBuilder:2457 - Time for Copy CMSIS : 1mS.
2022-11-28 15:07:50,684 [INFO] ProjectBuilder:2457 - Time for Copy CMSIS : 0mS.
2022-11-29 09:57:32,587 [INFO] Activator:177 - 


2022-11-29 09:57:32,607 [INFO] Activator:178 - !SESSION log4j initialized
